TN:
SF:src\index.ts
FN:6,(anonymous_4)
FN:7,(anonymous_5)
FN:10,(anonymous_6)
FN:10,(anonymous_7)
FN:10,(anonymous_8)
FN:11,(anonymous_9)
FN:12,(anonymous_10)
FN:12,(anonymous_11)
FN:12,(anonymous_12)
FN:13,(anonymous_13)
FN:13,(anonymous_14)
FN:13,(anonymous_15)
FN:13,(anonymous_16)
FN:14,(anonymous_17)
FN:14,(anonymous_18)
FNF:15
FNH:0
FNDA:0,(anonymous_4)
FNDA:0,(anonymous_5)
FNDA:0,(anonymous_6)
FNDA:0,(anonymous_7)
FNDA:0,(anonymous_8)
FNDA:0,(anonymous_9)
FNDA:0,(anonymous_10)
FNDA:0,(anonymous_11)
FNDA:0,(anonymous_12)
FNDA:0,(anonymous_13)
FNDA:0,(anonymous_14)
FNDA:0,(anonymous_15)
FNDA:0,(anonymous_16)
FNDA:0,(anonymous_17)
FNDA:0,(anonymous_18)
DA:6,0
DA:7,0
DA:10,0
DA:11,0
DA:12,0
DA:13,0
DA:14,0
DA:17,0
DA:18,0
LF:9
LH:0
BRF:0
BRH:0
end_of_record
TN:
SF:src\api\server.ts
FN:80,(anonymous_1)
FN:93,(anonymous_2)
FN:119,(anonymous_3)
FN:130,(anonymous_4)
FN:136,(anonymous_5)
FN:138,(anonymous_6)
FN:150,(anonymous_7)
FN:222,(anonymous_8)
FN:224,(anonymous_9)
FN:229,(anonymous_10)
FN:236,(anonymous_11)
FN:245,(anonymous_12)
FN:272,(anonymous_13)
FN:305,(anonymous_14)
FN:307,(anonymous_15)
FN:341,(anonymous_16)
FN:370,(anonymous_17)
FN:372,(anonymous_18)
FN:395,(anonymous_19)
FN:402,(anonymous_20)
FN:403,(anonymous_21)
FN:404,(anonymous_22)
FN:413,(anonymous_23)
FN:436,(anonymous_24)
FN:457,(anonymous_25)
FN:462,(anonymous_26)
FN:472,(anonymous_27)
FN:491,(anonymous_28)
FN:492,(anonymous_29)
FN:507,(anonymous_30)
FN:526,(anonymous_31)
FN:556,(anonymous_32)
FN:602,(anonymous_33)
FN:627,(anonymous_34)
FN:672,(anonymous_35)
FN:679,(anonymous_36)
FN:680,(anonymous_37)
FN:692,(anonymous_38)
FN:692,(anonymous_39)
FN:695,(anonymous_40)
FN:696,(anonymous_41)
FN:697,(anonymous_42)
FN:698,(anonymous_43)
FN:707,(anonymous_44)
FN:719,(anonymous_45)
FN:737,(anonymous_46)
FN:739,(anonymous_47)
FN:753,(anonymous_48)
FN:769,(anonymous_49)
FN:774,(anonymous_50)
FN:787,(anonymous_51)
FN:804,(anonymous_52)
FN:809,(anonymous_53)
FN:810,(anonymous_54)
FN:817,(anonymous_55)
FN:825,(anonymous_56)
FN:829,(anonymous_57)
FN:832,(anonymous_58)
FN:834,(anonymous_59)
FN:836,(anonymous_60)
FN:838,(anonymous_61)
FN:842,(anonymous_62)
FN:845,(anonymous_63)
FN:858,(anonymous_64)
FN:862,(anonymous_65)
FN:869,(anonymous_66)
FN:878,(anonymous_67)
FN:885,(anonymous_68)
FN:894,(anonymous_69)
FN:915,(anonymous_70)
FN:945,(anonymous_71)
FN:962,(anonymous_72)
FN:979,(anonymous_73)
FN:1001,(anonymous_74)
FN:1023,(anonymous_75)
FN:1039,(anonymous_76)
FN:1063,(anonymous_77)
FN:1088,(anonymous_78)
FN:1098,(anonymous_79)
FN:1106,(anonymous_80)
FN:1108,(anonymous_81)
FN:1114,(anonymous_82)
FN:1131,(anonymous_83)
FN:1190,(anonymous_84)
FN:1205,(anonymous_85)
FN:1236,(anonymous_86)
FN:1264,(anonymous_87)
FN:1270,(anonymous_88)
FN:1275,(anonymous_89)
FN:1278,(anonymous_90)
FN:1279,(anonymous_91)
FN:1292,(anonymous_92)
FN:1295,(anonymous_93)
FN:1304,(anonymous_94)
FN:1305,(anonymous_95)
FN:1306,(anonymous_96)
FN:1313,(anonymous_97)
FN:1317,(anonymous_98)
FN:1329,(anonymous_99)
FN:1329,(anonymous_100)
FN:1341,(anonymous_101)
FN:1350,(anonymous_102)
FN:1354,(anonymous_103)
FN:1358,(anonymous_104)
FN:1364,(anonymous_105)
FN:1380,(anonymous_106)
FN:1399,(anonymous_107)
FN:1419,(anonymous_108)
FN:1439,(anonymous_109)
FN:1457,(anonymous_110)
FN:1475,(anonymous_111)
FN:1500,(anonymous_112)
FN:1519,(anonymous_113)
FN:1537,(anonymous_114)
FN:1563,(anonymous_115)
FN:1582,(anonymous_116)
FN:1601,(anonymous_117)
FN:1630,(anonymous_118)
FN:1658,(anonymous_119)
FN:1673,(anonymous_120)
FN:1674,(anonymous_121)
FN:1711,(anonymous_122)
FN:1723,(anonymous_123)
FN:1729,(anonymous_124)
FNF:124
FNH:0
FNDA:0,(anonymous_1)
FNDA:0,(anonymous_2)
FNDA:0,(anonymous_3)
FNDA:0,(anonymous_4)
FNDA:0,(anonymous_5)
FNDA:0,(anonymous_6)
FNDA:0,(anonymous_7)
FNDA:0,(anonymous_8)
FNDA:0,(anonymous_9)
FNDA:0,(anonymous_10)
FNDA:0,(anonymous_11)
FNDA:0,(anonymous_12)
FNDA:0,(anonymous_13)
FNDA:0,(anonymous_14)
FNDA:0,(anonymous_15)
FNDA:0,(anonymous_16)
FNDA:0,(anonymous_17)
FNDA:0,(anonymous_18)
FNDA:0,(anonymous_19)
FNDA:0,(anonymous_20)
FNDA:0,(anonymous_21)
FNDA:0,(anonymous_22)
FNDA:0,(anonymous_23)
FNDA:0,(anonymous_24)
FNDA:0,(anonymous_25)
FNDA:0,(anonymous_26)
FNDA:0,(anonymous_27)
FNDA:0,(anonymous_28)
FNDA:0,(anonymous_29)
FNDA:0,(anonymous_30)
FNDA:0,(anonymous_31)
FNDA:0,(anonymous_32)
FNDA:0,(anonymous_33)
FNDA:0,(anonymous_34)
FNDA:0,(anonymous_35)
FNDA:0,(anonymous_36)
FNDA:0,(anonymous_37)
FNDA:0,(anonymous_38)
FNDA:0,(anonymous_39)
FNDA:0,(anonymous_40)
FNDA:0,(anonymous_41)
FNDA:0,(anonymous_42)
FNDA:0,(anonymous_43)
FNDA:0,(anonymous_44)
FNDA:0,(anonymous_45)
FNDA:0,(anonymous_46)
FNDA:0,(anonymous_47)
FNDA:0,(anonymous_48)
FNDA:0,(anonymous_49)
FNDA:0,(anonymous_50)
FNDA:0,(anonymous_51)
FNDA:0,(anonymous_52)
FNDA:0,(anonymous_53)
FNDA:0,(anonymous_54)
FNDA:0,(anonymous_55)
FNDA:0,(anonymous_56)
FNDA:0,(anonymous_57)
FNDA:0,(anonymous_58)
FNDA:0,(anonymous_59)
FNDA:0,(anonymous_60)
FNDA:0,(anonymous_61)
FNDA:0,(anonymous_62)
FNDA:0,(anonymous_63)
FNDA:0,(anonymous_64)
FNDA:0,(anonymous_65)
FNDA:0,(anonymous_66)
FNDA:0,(anonymous_67)
FNDA:0,(anonymous_68)
FNDA:0,(anonymous_69)
FNDA:0,(anonymous_70)
FNDA:0,(anonymous_71)
FNDA:0,(anonymous_72)
FNDA:0,(anonymous_73)
FNDA:0,(anonymous_74)
FNDA:0,(anonymous_75)
FNDA:0,(anonymous_76)
FNDA:0,(anonymous_77)
FNDA:0,(anonymous_78)
FNDA:0,(anonymous_79)
FNDA:0,(anonymous_80)
FNDA:0,(anonymous_81)
FNDA:0,(anonymous_82)
FNDA:0,(anonymous_83)
FNDA:0,(anonymous_84)
FNDA:0,(anonymous_85)
FNDA:0,(anonymous_86)
FNDA:0,(anonymous_87)
FNDA:0,(anonymous_88)
FNDA:0,(anonymous_89)
FNDA:0,(anonymous_90)
FNDA:0,(anonymous_91)
FNDA:0,(anonymous_92)
FNDA:0,(anonymous_93)
FNDA:0,(anonymous_94)
FNDA:0,(anonymous_95)
FNDA:0,(anonymous_96)
FNDA:0,(anonymous_97)
FNDA:0,(anonymous_98)
FNDA:0,(anonymous_99)
FNDA:0,(anonymous_100)
FNDA:0,(anonymous_101)
FNDA:0,(anonymous_102)
FNDA:0,(anonymous_103)
FNDA:0,(anonymous_104)
FNDA:0,(anonymous_105)
FNDA:0,(anonymous_106)
FNDA:0,(anonymous_107)
FNDA:0,(anonymous_108)
FNDA:0,(anonymous_109)
FNDA:0,(anonymous_110)
FNDA:0,(anonymous_111)
FNDA:0,(anonymous_112)
FNDA:0,(anonymous_113)
FNDA:0,(anonymous_114)
FNDA:0,(anonymous_115)
FNDA:0,(anonymous_116)
FNDA:0,(anonymous_117)
FNDA:0,(anonymous_118)
FNDA:0,(anonymous_119)
FNDA:0,(anonymous_120)
FNDA:0,(anonymous_121)
FNDA:0,(anonymous_122)
FNDA:0,(anonymous_123)
FNDA:0,(anonymous_124)
DA:6,0
DA:7,0
DA:8,0
DA:10,0
DA:11,0
DA:12,0
DA:13,0
DA:15,0
DA:26,0
DA:27,0
DA:81,0
DA:82,0
DA:83,0
DA:84,0
DA:87,0
DA:88,0
DA:89,0
DA:90,0
DA:95,0
DA:98,0
DA:99,0
DA:103,0
DA:104,0
DA:105,0
DA:106,0
DA:110,0
DA:111,0
DA:112,0
DA:121,0
DA:127,0
DA:130,0
DA:131,0
DA:132,0
DA:136,0
DA:137,0
DA:138,0
DA:139,0
DA:140,0
DA:141,0
DA:146,0
DA:152,0
DA:155,0
DA:158,0
DA:161,0
DA:164,0
DA:167,0
DA:170,0
DA:173,0
DA:174,0
DA:175,0
DA:178,0
DA:179,0
DA:180,0
DA:183,0
DA:184,0
DA:185,0
DA:186,0
DA:187,0
DA:190,0
DA:191,0
DA:192,0
DA:195,0
DA:196,0
DA:197,0
DA:200,0
DA:201,0
DA:204,0
DA:207,0
DA:210,0
DA:211,0
DA:212,0
DA:213,0
DA:216,0
DA:217,0
DA:218,0
DA:219,0
DA:224,0
DA:225,0
DA:229,0
DA:230,0
DA:231,0
DA:237,0
DA:238,0
DA:246,0
DA:247,0
DA:248,0
DA:250,0
DA:251,0
DA:252,0
DA:254,0
DA:263,0
DA:266,0
DA:268,0
DA:273,0
DA:274,0
DA:276,0
DA:277,0
DA:278,0
DA:281,0
DA:282,0
DA:284,0
DA:286,0
DA:287,0
DA:288,0
DA:289,0
DA:291,0
DA:302,0
DA:303,0
DA:304,0
DA:305,0
DA:307,0
DA:309,0
DA:316,0
DA:317,0
DA:318,0
DA:319,0
DA:320,0
DA:329,0
DA:331,0
DA:334,0
DA:336,0
DA:337,0
DA:342,0
DA:343,0
DA:345,0
DA:346,0
DA:347,0
DA:351,0
DA:353,0
DA:355,0
DA:356,0
DA:370,0
DA:372,0
DA:380,0
DA:388,0
DA:390,0
DA:391,0
DA:396,0
DA:397,0
DA:398,0
DA:400,0
DA:402,0
DA:403,0
DA:404,0
DA:407,0
DA:409,0
DA:414,0
DA:415,0
DA:417,0
DA:418,0
DA:419,0
DA:422,0
DA:430,0
DA:432,0
DA:437,0
DA:438,0
DA:439,0
DA:441,0
DA:443,0
DA:444,0
DA:445,0
DA:447,0
DA:448,0
DA:451,0
DA:453,0
DA:458,0
DA:459,0
DA:463,0
DA:464,0
DA:465,0
DA:467,0
DA:473,0
DA:474,0
DA:476,0
DA:477,0
DA:478,0
DA:481,0
DA:482,0
DA:484,0
DA:486,0
DA:487,0
DA:489,0
DA:491,0
DA:492,0
DA:497,0
DA:500,0
DA:502,0
DA:503,0
DA:508,0
DA:509,0
DA:511,0
DA:512,0
DA:513,0
DA:517,0
DA:518,0
DA:520,0
DA:522,0
DA:527,0
DA:528,0
DA:529,0
DA:531,0
DA:532,0
DA:534,0
DA:535,0
DA:536,0
DA:538,0
DA:545,0
DA:548,0
DA:550,0
DA:557,0
DA:558,0
DA:559,0
DA:561,0
DA:562,0
DA:564,0
DA:566,0
DA:569,0
DA:570,0
DA:586,0
DA:587,0
DA:590,0
DA:592,0
DA:595,0
DA:597,0
DA:598,0
DA:603,0
DA:604,0
DA:605,0
DA:607,0
DA:608,0
DA:610,0
DA:611,0
DA:612,0
DA:613,0
DA:615,0
DA:617,0
DA:620,0
DA:622,0
DA:623,0
DA:628,0
DA:629,0
DA:631,0
DA:632,0
DA:633,0
DA:636,0
DA:637,0
DA:639,0
DA:641,0
DA:642,0
DA:645,0
DA:654,0
DA:661,0
DA:664,0
DA:666,0
DA:667,0
DA:673,0
DA:674,0
DA:675,0
DA:676,0
DA:680,0
DA:681,0
DA:692,0
DA:696,0
DA:697,0
DA:698,0
DA:700,0
DA:701,0
DA:702,0
DA:704,0
DA:708,0
DA:709,0
DA:711,0
DA:712,0
DA:713,0
DA:714,0
DA:716,0
DA:720,0
DA:722,0
DA:723,0
DA:726,0
DA:727,0
DA:730,0
DA:731,0
DA:734,0
DA:738,0
DA:739,0
DA:754,0
DA:765,0
DA:770,0
DA:772,0
DA:773,0
DA:774,0
DA:775,0
DA:779,0
DA:780,0
DA:781,0
DA:784,0
DA:788,0
DA:790,0
DA:801,0
DA:805,0
DA:806,0
DA:809,0
DA:810,0
DA:813,0
DA:814,0
DA:817,0
DA:818,0
DA:821,0
DA:825,0
DA:830,0
DA:832,0
DA:834,0
DA:836,0
DA:838,0
DA:843,0
DA:845,0
DA:846,0
DA:847,0
DA:851,0
DA:859,0
DA:861,0
DA:862,0
DA:863,0
DA:864,0
DA:868,0
DA:869,0
DA:870,0
DA:871,0
DA:875,0
DA:879,0
DA:881,0
DA:882,0
DA:885,0
DA:886,0
DA:887,0
DA:890,0
DA:895,0
DA:896,0
DA:899,0
DA:900,0
DA:905,0
DA:907,0
DA:910,0
DA:911,0
DA:916,0
DA:917,0
DA:918,0
DA:921,0
DA:923,0
DA:924,0
DA:925,0
DA:929,0
DA:930,0
DA:931,0
DA:932,0
DA:934,0
DA:937,0
DA:940,0
DA:941,0
DA:946,0
DA:947,0
DA:948,0
DA:950,0
DA:951,0
DA:952,0
DA:954,0
DA:957,0
DA:958,0
DA:963,0
DA:964,0
DA:966,0
DA:967,0
DA:968,0
DA:970,0
DA:973,0
DA:974,0
DA:980,0
DA:981,0
DA:982,0
DA:984,0
DA:985,0
DA:986,0
DA:989,0
DA:990,0
DA:991,0
DA:993,0
DA:996,0
DA:997,0
DA:1002,0
DA:1003,0
DA:1004,0
DA:1006,0
DA:1007,0
DA:1008,0
DA:1011,0
DA:1012,0
DA:1013,0
DA:1015,0
DA:1018,0
DA:1019,0
DA:1024,0
DA:1025,0
DA:1027,0
DA:1028,0
DA:1029,0
DA:1031,0
DA:1034,0
DA:1035,0
DA:1040,0
DA:1041,0
DA:1042,0
DA:1044,0
DA:1045,0
DA:1046,0
DA:1049,0
DA:1050,0
DA:1051,0
DA:1053,0
DA:1056,0
DA:1057,0
DA:1071,0
DA:1082,0
DA:1084,0
DA:1088,0
DA:1094,0
DA:1097,0
DA:1098,0
DA:1102,0
DA:1105,0
DA:1106,0
DA:1108,0
DA:1110,0
DA:1113,0
DA:1114,0
DA:1118,0
DA:1122,0
DA:1123,0
DA:1124,0
DA:1125,0
DA:1128,0
DA:1138,0
DA:1141,0
DA:1142,0
DA:1151,0
DA:1153,0
DA:1159,0
DA:1162,0
DA:1168,0
DA:1171,0
DA:1177,0
DA:1180,0
DA:1186,0
DA:1190,0
DA:1191,0
DA:1192,0
DA:1196,0
DA:1213,0
DA:1229,0
DA:1230,0
DA:1233,0
DA:1237,0
DA:1239,0
DA:1241,0
DA:1242,0
DA:1243,0
DA:1245,0
DA:1247,0
DA:1250,0
DA:1251,0
DA:1252,0
DA:1255,0
DA:1256,0
DA:1257,0
DA:1260,0
DA:1263,0
DA:1264,0
DA:1267,0
DA:1271,0
DA:1272,0
DA:1276,0
DA:1278,0
DA:1279,0
DA:1281,0
DA:1282,0
DA:1285,0
DA:1286,0
DA:1289,0
DA:1293,0
DA:1295,0
DA:1296,0
DA:1297,0
DA:1301,0
DA:1305,0
DA:1306,0
DA:1308,0
DA:1309,0
DA:1310,0
DA:1314,0
DA:1315,0
DA:1317,0
DA:1319,0
DA:1321,0
DA:1329,0
DA:1330,0
DA:1338,0
DA:1343,0
DA:1351,0
DA:1355,0
DA:1359,0
DA:1361,0
DA:1364,0
DA:1365,0
DA:1366,0
DA:1367,0
DA:1368,0
DA:1371,0
DA:1372,0
DA:1381,0
DA:1383,0
DA:1395,0
DA:1400,0
DA:1401,0
DA:1402,0
DA:1415,0
DA:1420,0
DA:1421,0
DA:1422,0
DA:1435,0
DA:1440,0
DA:1441,0
DA:1442,0
DA:1453,0
DA:1458,0
DA:1459,0
DA:1460,0
DA:1471,0
DA:1476,0
DA:1477,0
DA:1478,0
DA:1496,0
DA:1501,0
DA:1502,0
DA:1503,0
DA:1515,0
DA:1520,0
DA:1521,0
DA:1522,0
DA:1533,0
DA:1538,0
DA:1539,0
DA:1559,0
DA:1564,0
DA:1565,0
DA:1566,0
DA:1578,0
DA:1583,0
DA:1584,0
DA:1585,0
DA:1597,0
DA:1602,0
DA:1603,0
DA:1604,0
DA:1606,0
DA:1626,0
DA:1631,0
DA:1632,0
DA:1635,0
DA:1636,0
DA:1638,0
DA:1640,0
DA:1654,0
DA:1659,0
DA:1661,0
DA:1662,0
DA:1669,0
DA:1673,0
DA:1674,0
DA:1676,0
DA:1677,0
DA:1687,0
DA:1688,0
DA:1699,0
DA:1708,0
DA:1712,0
DA:1713,0
DA:1714,0
DA:1719,0
DA:1720,0
DA:1723,0
DA:1724,0
DA:1725,0
DA:1726,0
DA:1729,0
DA:1730,0
DA:1731,0
DA:1732,0
DA:1735,0
DA:1738,0
LF:599
LH:0
BRDA:83,0,0,0
BRDA:83,0,1,0
BRDA:98,1,0,0
BRDA:98,2,0,0
BRDA:98,2,1,0
BRDA:103,3,0,0
BRDA:103,4,0,0
BRDA:103,4,1,0
BRDA:103,4,2,0
BRDA:105,5,0,0
BRDA:122,6,0,0
BRDA:122,6,1,0
BRDA:250,7,0,0
BRDA:255,8,0,0
BRDA:255,8,1,0
BRDA:256,9,0,0
BRDA:256,9,1,0
BRDA:257,10,0,0
BRDA:257,10,1,0
BRDA:274,11,0,0
BRDA:274,12,0,0
BRDA:274,13,0,0
BRDA:276,14,0,0
BRDA:284,15,0,0
BRDA:302,16,0,0
BRDA:311,17,0,0
BRDA:311,17,1,0
BRDA:311,18,0,0
BRDA:311,18,1,0
BRDA:316,19,0,0
BRDA:318,20,0,0
BRDA:343,21,0,0
BRDA:343,22,0,0
BRDA:343,23,0,0
BRDA:345,24,0,0
BRDA:353,25,0,0
BRDA:368,26,0,0
BRDA:368,26,1,0
BRDA:368,27,0,0
BRDA:368,27,1,0
BRDA:369,28,0,0
BRDA:369,28,1,0
BRDA:371,29,0,0
BRDA:371,29,1,0
BRDA:417,30,0,0
BRDA:417,31,0,0
BRDA:417,31,1,0
BRDA:417,31,2,0
BRDA:417,31,3,0
BRDA:443,32,0,0
BRDA:474,33,0,0
BRDA:476,34,0,0
BRDA:484,35,0,0
BRDA:490,36,0,0
BRDA:490,36,1,0
BRDA:511,37,0,0
BRDA:511,38,0,0
BRDA:511,38,1,0
BRDA:534,39,0,0
BRDA:559,40,0,0
BRDA:559,41,0,0
BRDA:559,42,0,0
BRDA:564,43,0,0
BRDA:569,44,0,0
BRDA:573,45,0,0
BRDA:573,45,1,0
BRDA:590,46,0,0
BRDA:590,46,1,0
BRDA:605,47,0,0
BRDA:605,48,0,0
BRDA:610,49,0,0
BRDA:615,50,0,0
BRDA:615,50,1,0
BRDA:629,51,0,0
BRDA:629,52,0,0
BRDA:629,53,0,0
BRDA:631,54,0,0
BRDA:639,55,0,0
BRDA:673,56,0,0
BRDA:674,57,0,0
BRDA:675,58,0,0
BRDA:697,59,0,0
BRDA:697,59,1,0
BRDA:698,60,0,0
BRDA:698,60,1,0
BRDA:700,61,0,0
BRDA:701,62,0,0
BRDA:702,63,0,0
BRDA:709,64,0,0
BRDA:722,65,0,0
BRDA:726,66,0,0
BRDA:726,67,0,0
BRDA:726,67,1,0
BRDA:730,68,0,0
BRDA:765,69,0,0
BRDA:765,69,1,0
BRDA:772,70,0,0
BRDA:774,71,0,0
BRDA:779,72,0,0
BRDA:788,73,0,0
BRDA:801,74,0,0
BRDA:801,74,1,0
BRDA:813,75,0,0
BRDA:813,76,0,0
BRDA:813,76,1,0
BRDA:813,76,2,0
BRDA:817,77,0,0
BRDA:817,78,0,0
BRDA:817,78,1,0
BRDA:838,79,0,0
BRDA:838,79,1,0
BRDA:846,80,0,0
BRDA:852,81,0,0
BRDA:852,81,1,0
BRDA:853,82,0,0
BRDA:853,82,1,0
BRDA:854,83,0,0
BRDA:854,83,1,0
BRDA:861,84,0,0
BRDA:862,85,0,0
BRDA:868,86,0,0
BRDA:869,87,0,0
BRDA:881,88,0,0
BRDA:886,89,0,0
BRDA:896,90,0,0
BRDA:896,91,0,0
BRDA:896,92,0,0
BRDA:899,93,0,0
BRDA:899,93,1,0
BRDA:918,94,0,0
BRDA:918,94,1,0
BRDA:921,95,0,0
BRDA:929,96,0,0
BRDA:929,96,1,0
BRDA:931,97,0,0
BRDA:931,97,1,0
BRDA:950,98,0,0
BRDA:950,98,1,0
BRDA:966,99,0,0
BRDA:966,99,1,0
BRDA:982,100,0,0
BRDA:984,101,0,0
BRDA:989,102,0,0
BRDA:989,102,1,0
BRDA:1006,103,0,0
BRDA:1006,104,0,0
BRDA:1006,104,1,0
BRDA:1011,105,0,0
BRDA:1011,105,1,0
BRDA:1027,106,0,0
BRDA:1027,106,1,0
BRDA:1044,107,0,0
BRDA:1049,108,0,0
BRDA:1049,108,1,0
BRDA:1082,109,0,0
BRDA:1082,109,1,0
BRDA:1082,109,2,0
BRDA:1082,109,3,0
BRDA:1087,110,0,0
BRDA:1087,110,1,0
BRDA:1099,111,0,0
BRDA:1099,111,1,0
BRDA:1107,112,0,0
BRDA:1107,112,1,0
BRDA:1116,113,0,0
BRDA:1116,113,1,0
BRDA:1123,114,0,0
BRDA:1141,115,0,0
BRDA:1141,116,0,0
BRDA:1141,116,1,0
BRDA:1151,117,0,0
BRDA:1151,117,1,0
BRDA:1151,117,2,0
BRDA:1151,117,3,0
BRDA:1191,118,0,0
BRDA:1199,119,0,0
BRDA:1199,119,1,0
BRDA:1215,120,0,0
BRDA:1215,120,1,0
BRDA:1216,121,0,0
BRDA:1216,121,1,0
BRDA:1217,122,0,0
BRDA:1217,122,1,0
BRDA:1229,123,0,0
BRDA:1239,124,0,0
BRDA:1239,124,1,0
BRDA:1239,124,2,0
BRDA:1239,124,3,0
BRDA:1242,125,0,0
BRDA:1242,125,1,0
BRDA:1251,126,0,0
BRDA:1251,126,1,0
BRDA:1256,127,0,0
BRDA:1256,127,1,0
BRDA:1260,128,0,0
BRDA:1260,128,1,0
BRDA:1263,129,0,0
BRDA:1281,130,0,0
BRDA:1285,131,0,0
BRDA:1296,132,0,0
BRDA:1308,133,0,0
BRDA:1309,134,0,0
BRDA:1315,135,0,0
BRDA:1315,135,1,0
BRDA:1319,136,0,0
BRDA:1319,137,0,0
BRDA:1319,137,1,0
BRDA:1329,138,0,0
BRDA:1329,139,0,0
BRDA:1329,139,1,0
BRDA:1350,140,0,0
BRDA:1354,141,0,0
BRDA:1366,142,0,0
BRDA:1366,142,1,0
BRDA:1367,143,0,0
BRDA:1367,143,1,0
BRDA:1661,144,0,0
BRDA:1676,145,0,0
BRDA:1687,146,0,0
BRDA:1719,147,0,0
BRF:220
BRH:0
end_of_record
TN:
SF:src\cli\claude-code-integration.ts
FN:75,(anonymous_9)
FN:83,(anonymous_10)
FN:138,(anonymous_11)
FN:150,(anonymous_12)
FN:213,(anonymous_13)
FN:230,(anonymous_14)
FN:273,(anonymous_15)
FN:287,(anonymous_16)
FN:318,(anonymous_17)
FN:540,(anonymous_18)
FN:556,(anonymous_19)
FN:618,(anonymous_20)
FN:640,(anonymous_21)
FN:662,(anonymous_22)
FN:666,(anonymous_23)
FN:667,(anonymous_24)
FN:668,(anonymous_25)
FN:710,(anonymous_26)
FN:727,(anonymous_27)
FN:739,(anonymous_28)
FN:768,(anonymous_29)
FN:778,(anonymous_30)
FN:786,(anonymous_31)
FN:792,(anonymous_32)
FN:797,(anonymous_33)
FN:798,(anonymous_34)
FN:803,(anonymous_35)
FN:804,(anonymous_36)
FN:809,(anonymous_37)
FN:810,(anonymous_38)
FN:815,(anonymous_39)
FN:816,(anonymous_40)
FN:821,(anonymous_41)
FN:822,(anonymous_42)
FN:827,(anonymous_43)
FN:828,(anonymous_44)
FN:833,(anonymous_45)
FN:834,(anonymous_46)
FN:839,(anonymous_47)
FN:840,(anonymous_48)
FN:845,(anonymous_49)
FN:846,(anonymous_50)
FN:851,(anonymous_51)
FN:852,(anonymous_52)
FNF:44
FNH:0
FNDA:0,(anonymous_9)
FNDA:0,(anonymous_10)
FNDA:0,(anonymous_11)
FNDA:0,(anonymous_12)
FNDA:0,(anonymous_13)
FNDA:0,(anonymous_14)
FNDA:0,(anonymous_15)
FNDA:0,(anonymous_16)
FNDA:0,(anonymous_17)
FNDA:0,(anonymous_18)
FNDA:0,(anonymous_19)
FNDA:0,(anonymous_20)
FNDA:0,(anonymous_21)
FNDA:0,(anonymous_22)
FNDA:0,(anonymous_23)
FNDA:0,(anonymous_24)
FNDA:0,(anonymous_25)
FNDA:0,(anonymous_26)
FNDA:0,(anonymous_27)
FNDA:0,(anonymous_28)
FNDA:0,(anonymous_29)
FNDA:0,(anonymous_30)
FNDA:0,(anonymous_31)
FNDA:0,(anonymous_32)
FNDA:0,(anonymous_33)
FNDA:0,(anonymous_34)
FNDA:0,(anonymous_35)
FNDA:0,(anonymous_36)
FNDA:0,(anonymous_37)
FNDA:0,(anonymous_38)
FNDA:0,(anonymous_39)
FNDA:0,(anonymous_40)
FNDA:0,(anonymous_41)
FNDA:0,(anonymous_42)
FNDA:0,(anonymous_43)
FNDA:0,(anonymous_44)
FNDA:0,(anonymous_45)
FNDA:0,(anonymous_46)
FNDA:0,(anonymous_47)
FNDA:0,(anonymous_48)
FNDA:0,(anonymous_49)
FNDA:0,(anonymous_50)
FNDA:0,(anonymous_51)
FNDA:0,(anonymous_52)
DA:6,0
DA:7,0
DA:12,0
DA:13,0
DA:14,0
DA:16,0
DA:70,0
DA:73,0
DA:76,0
DA:77,0
DA:88,0
DA:89,0
DA:92,0
DA:95,0
DA:98,0
DA:99,0
DA:105,0
DA:106,0
DA:107,0
DA:110,0
DA:111,0
DA:114,0
DA:120,0
DA:127,0
DA:128,0
DA:139,0
DA:140,0
DA:141,0
DA:142,0
DA:144,0
DA:151,0
DA:154,0
DA:156,0
DA:187,0
DA:197,0
DA:198,0
DA:202,0
DA:205,0
DA:207,0
DA:218,0
DA:220,0
DA:222,0
DA:223,0
DA:226,0
DA:227,0
DA:230,0
DA:231,0
DA:239,0
DA:240,0
DA:243,0
DA:244,0
DA:245,0
DA:246,0
DA:247,0
DA:250,0
DA:251,0
DA:252,0
DA:254,0
DA:255,0
DA:260,0
DA:263,0
DA:270,0
DA:273,0
DA:277,0
DA:288,0
DA:290,0
DA:293,0
DA:294,0
DA:297,0
DA:298,0
DA:301,0
DA:302,0
DA:303,0
DA:307,0
DA:308,0
DA:309,0
DA:312,0
DA:323,0
DA:384,0
DA:390,0
DA:391,0
DA:392,0
DA:395,0
DA:398,0
DA:401,0
DA:414,0
DA:415,0
DA:416,0
DA:417,0
DA:418,0
DA:419,0
DA:422,0
DA:423,0
DA:424,0
DA:428,0
DA:429,0
DA:430,0
DA:433,0
DA:434,0
DA:440,0
DA:441,0
DA:442,0
DA:443,0
DA:444,0
DA:445,0
DA:447,0
DA:448,0
DA:450,0
DA:451,0
DA:452,0
DA:455,0
DA:456,0
DA:457,0
DA:460,0
DA:461,0
DA:462,0
DA:465,0
DA:466,0
DA:467,0
DA:468,0
DA:469,0
DA:470,0
DA:471,0
DA:477,0
DA:478,0
DA:479,0
DA:480,0
DA:481,0
DA:484,0
DA:485,0
DA:486,0
DA:490,0
DA:491,0
DA:492,0
DA:495,0
DA:501,0
DA:503,0
DA:504,0
DA:507,0
DA:510,0
DA:515,0
DA:516,0
DA:519,0
DA:520,0
DA:521,0
DA:524,0
DA:525,0
DA:526,0
DA:530,0
DA:534,0
DA:541,0
DA:575,0
DA:578,0
DA:579,0
DA:592,0
DA:594,0
DA:622,0
DA:623,0
DA:626,0
DA:638,0
DA:640,0
DA:647,0
DA:648,0
DA:649,0
DA:652,0
DA:654,0
DA:655,0
DA:666,0
DA:667,0
DA:668,0
DA:670,0
DA:673,0
DA:678,0
DA:691,0
DA:692,0
DA:693,0
DA:694,0
DA:695,0
DA:696,0
DA:708,0
DA:709,0
DA:710,0
DA:711,0
DA:718,0
DA:722,0
DA:730,0
DA:733,0
DA:741,0
DA:749,0
DA:750,0
DA:751,0
DA:752,0
DA:757,0
DA:758,0
DA:759,0
DA:760,0
DA:764,0
DA:770,0
DA:771,0
DA:774,0
DA:780,0
DA:792,0
DA:793,0
DA:794,0
DA:798,0
DA:799,0
DA:800,0
DA:804,0
DA:805,0
DA:806,0
DA:810,0
DA:811,0
DA:812,0
DA:816,0
DA:817,0
DA:818,0
DA:822,0
DA:823,0
DA:824,0
DA:828,0
DA:829,0
DA:830,0
DA:834,0
DA:835,0
DA:836,0
DA:840,0
DA:841,0
DA:842,0
DA:846,0
DA:847,0
DA:848,0
DA:852,0
DA:853,0
DA:854,0
LF:234
LH:0
BRDA:86,0,0,0
BRDA:95,1,0,0
BRDA:95,1,1,0
BRDA:105,2,0,0
BRDA:127,3,0,0
BRDA:127,3,1,0
BRDA:130,4,0,0
BRDA:130,4,1,0
BRDA:140,5,0,0
BRDA:197,6,0,0
BRDA:216,7,0,0
BRDA:230,8,0,0
BRDA:230,8,1,0
BRDA:251,9,0,0
BRDA:266,10,0,0
BRDA:266,10,1,0
BRDA:273,11,0,0
BRDA:273,11,1,0
BRDA:279,12,0,0
BRDA:279,12,1,0
BRDA:302,13,0,0
BRDA:308,14,0,0
BRDA:390,15,0,0
BRDA:416,16,0,0
BRDA:422,17,0,0
BRDA:422,18,0,0
BRDA:422,18,1,0
BRDA:428,19,0,0
BRDA:441,20,0,0
BRDA:450,21,0,0
BRDA:455,22,0,0
BRDA:460,23,0,0
BRDA:460,24,0,0
BRDA:460,24,1,0
BRDA:465,25,0,0
BRDA:466,26,0,0
BRDA:467,27,0,0
BRDA:469,28,0,0
BRDA:477,29,0,0
BRDA:484,30,0,0
BRDA:484,31,0,0
BRDA:484,31,1,0
BRDA:490,32,0,0
BRDA:510,33,0,0
BRDA:510,34,0,0
BRDA:510,34,1,0
BRDA:510,34,2,0
BRDA:510,34,3,0
BRDA:510,34,4,0
BRDA:519,35,0,0
BRDA:519,36,0,0
BRDA:519,36,1,0
BRDA:519,36,2,0
BRDA:524,37,0,0
BRDA:524,38,0,0
BRDA:524,38,1,0
BRDA:524,38,2,0
BRDA:578,39,0,0
BRDA:578,40,0,0
BRDA:578,40,1,0
BRDA:583,41,0,0
BRDA:583,41,1,0
BRDA:586,42,0,0
BRDA:586,42,1,0
BRDA:587,43,0,0
BRDA:587,43,1,0
BRDA:605,44,0,0
BRDA:605,44,1,0
BRDA:606,45,0,0
BRDA:606,45,1,0
BRDA:607,46,0,0
BRDA:607,46,1,0
BRDA:610,47,0,0
BRDA:610,47,1,0
BRDA:647,48,0,0
BRDA:673,49,0,0
BRDA:673,50,0,0
BRDA:673,50,1,0
BRDA:673,50,2,0
BRDA:673,50,3,0
BRDA:673,50,4,0
BRDA:673,50,5,0
BRDA:673,50,6,0
BRDA:673,50,7,0
BRDA:695,51,0,0
BRDA:751,52,0,0
BRDA:751,53,0,0
BRDA:751,53,1,0
BRDA:751,53,2,0
BRDA:759,54,0,0
BRDA:759,55,0,0
BRDA:759,55,1,0
BRDA:759,55,2,0
BRF:93
BRH:0
end_of_record
TN:
SF:src\cli\claude-code-interceptor.ts
FN:38,(anonymous_0)
FN:46,(anonymous_1)
FN:57,(anonymous_2)
FN:69,(anonymous_3)
FN:90,(anonymous_4)
FN:110,(anonymous_5)
FN:111,(anonymous_6)
FN:127,(anonymous_7)
FN:136,(anonymous_8)
FN:145,(anonymous_9)
FN:159,(anonymous_10)
FN:177,(anonymous_11)
FN:190,(anonymous_12)
FN:200,(anonymous_13)
FN:207,(anonymous_14)
FN:214,(anonymous_15)
FN:215,(anonymous_16)
FN:220,(anonymous_17)
FN:224,(anonymous_18)
FNF:19
FNH:0
FNDA:0,(anonymous_0)
FNDA:0,(anonymous_1)
FNDA:0,(anonymous_2)
FNDA:0,(anonymous_3)
FNDA:0,(anonymous_4)
FNDA:0,(anonymous_5)
FNDA:0,(anonymous_6)
FNDA:0,(anonymous_7)
FNDA:0,(anonymous_8)
FNDA:0,(anonymous_9)
FNDA:0,(anonymous_10)
FNDA:0,(anonymous_11)
FNDA:0,(anonymous_12)
FNDA:0,(anonymous_13)
FNDA:0,(anonymous_14)
FNDA:0,(anonymous_15)
FNDA:0,(anonymous_16)
FNDA:0,(anonymous_17)
FNDA:0,(anonymous_18)
DA:1,0
DA:2,0
DA:33,0
DA:36,0
DA:39,0
DA:40,0
DA:48,0
DA:49,0
DA:50,0
DA:60,0
DA:61,0
DA:62,0
DA:70,0
DA:77,0
DA:78,0
DA:80,0
DA:81,0
DA:84,0
DA:91,0
DA:94,0
DA:95,0
DA:99,0
DA:100,0
DA:103,0
DA:104,0
DA:111,0
DA:112,0
DA:113,0
DA:115,0
DA:116,0
DA:119,0
DA:124,0
DA:125,0
DA:127,0
DA:128,0
DA:129,0
DA:131,0
DA:132,0
DA:136,0
DA:137,0
DA:138,0
DA:140,0
DA:141,0
DA:145,0
DA:146,0
DA:148,0
DA:155,0
DA:156,0
DA:159,0
DA:160,0
DA:162,0
DA:168,0
DA:169,0
DA:180,0
DA:191,0
DA:192,0
DA:193,0
DA:201,0
DA:208,0
DA:215,0
DA:216,0
DA:220,0
DA:221,0
DA:224,0
DA:225,0
DA:231,0
LF:66
LH:0
BRDA:49,0,0,0
BRDA:61,1,0,0
BRDA:69,2,0,0
BRDA:74,3,0,0
BRDA:74,3,1,0
BRDA:80,4,0,0
BRDA:94,5,0,0
BRDA:94,6,0,0
BRDA:94,6,1,0
BRDA:99,7,0,0
BRDA:115,8,0,0
BRDA:131,9,0,0
BRDA:140,10,0,0
BRDA:152,11,0,0
BRDA:152,11,1,0
BRDA:191,12,0,0
BRF:16
BRH:0
end_of_record
TN:
SF:src\cli\claude-code-outcome-analyzer.ts
FN:53,(anonymous_10)
FN:63,(anonymous_11)
FN:92,(anonymous_12)
FN:195,(anonymous_13)
FN:223,(anonymous_14)
FN:224,(anonymous_15)
FN:225,(anonymous_16)
FN:231,(anonymous_17)
FN:232,(anonymous_18)
FN:233,(anonymous_19)
FN:239,(anonymous_20)
FN:240,(anonymous_21)
FN:259,(anonymous_22)
FN:274,(anonymous_23)
FN:289,(anonymous_24)
FN:304,(anonymous_25)
FN:329,(anonymous_26)
FN:354,(anonymous_27)
FN:357,(anonymous_28)
FN:367,(anonymous_29)
FN:396,(anonymous_30)
FN:399,(anonymous_31)
FN:399,(anonymous_32)
FN:400,(anonymous_33)
FN:400,(anonymous_34)
FN:438,(anonymous_35)
FNF:26
FNH:0
FNDA:0,(anonymous_10)
FNDA:0,(anonymous_11)
FNDA:0,(anonymous_12)
FNDA:0,(anonymous_13)
FNDA:0,(anonymous_14)
FNDA:0,(anonymous_15)
FNDA:0,(anonymous_16)
FNDA:0,(anonymous_17)
FNDA:0,(anonymous_18)
FNDA:0,(anonymous_19)
FNDA:0,(anonymous_20)
FNDA:0,(anonymous_21)
FNDA:0,(anonymous_22)
FNDA:0,(anonymous_23)
FNDA:0,(anonymous_24)
FNDA:0,(anonymous_25)
FNDA:0,(anonymous_26)
FNDA:0,(anonymous_27)
FNDA:0,(anonymous_28)
FNDA:0,(anonymous_29)
FNDA:0,(anonymous_30)
FNDA:0,(anonymous_31)
FNDA:0,(anonymous_32)
FNDA:0,(anonymous_33)
FNDA:0,(anonymous_34)
FNDA:0,(anonymous_35)
DA:6,0
DA:7,0
DA:8,0
DA:9,0
DA:10,0
DA:11,0
DA:13,0
DA:14,0
DA:48,0
DA:50,0
DA:51,0
DA:54,0
DA:55,0
DA:57,0
DA:64,0
DA:66,0
DA:67,0
DA:69,0
DA:70,0
DA:71,0
DA:72,0
DA:73,0
DA:76,0
DA:80,0
DA:85,0
DA:93,0
DA:95,0
DA:96,0
DA:97,0
DA:110,0
DA:111,0
DA:112,0
DA:113,0
DA:114,0
DA:116,0
DA:121,0
DA:124,0
DA:125,0
DA:127,0
DA:128,0
DA:134,0
DA:135,0
DA:136,0
DA:142,0
DA:143,0
DA:144,0
DA:145,0
DA:146,0
DA:151,0
DA:152,0
DA:153,0
DA:154,0
DA:155,0
DA:156,0
DA:160,0
DA:161,0
DA:162,0
DA:163,0
DA:166,0
DA:174,0
DA:177,0
DA:179,0
DA:200,0
DA:209,0
DA:210,0
DA:213,0
DA:215,0
DA:216,0
DA:217,0
DA:218,0
DA:219,0
DA:220,0
DA:223,0
DA:224,0
DA:225,0
DA:226,0
DA:231,0
DA:232,0
DA:233,0
DA:234,0
DA:239,0
DA:240,0
DA:243,0
DA:250,0
DA:253,0
DA:260,0
DA:261,0
DA:264,0
DA:265,0
DA:268,0
DA:275,0
DA:276,0
DA:279,0
DA:280,0
DA:283,0
DA:290,0
DA:291,0
DA:294,0
DA:295,0
DA:298,0
DA:305,0
DA:306,0
DA:308,0
DA:310,0
DA:311,0
DA:312,0
DA:314,0
DA:315,0
DA:316,0
DA:317,0
DA:318,0
DA:319,0
DA:323,0
DA:330,0
DA:331,0
DA:333,0
DA:335,0
DA:336,0
DA:337,0
DA:339,0
DA:340,0
DA:341,0
DA:342,0
DA:343,0
DA:344,0
DA:348,0
DA:355,0
DA:356,0
DA:357,0
DA:360,0
DA:368,0
DA:370,0
DA:371,0
DA:373,0
DA:374,0
DA:376,0
DA:377,0
DA:378,0
DA:379,0
DA:380,0
DA:381,0
DA:382,0
DA:390,0
DA:397,0
DA:399,0
DA:400,0
DA:402,0
DA:404,0
DA:409,0
DA:410,0
DA:412,0
DA:414,0
DA:415,0
DA:420,0
DA:421,0
DA:428,0
DA:431,0
DA:439,0
DA:440,0
DA:441,0
DA:445,0
LF:161
LH:0
BRDA:54,0,0,0
BRDA:127,1,0,0
BRDA:130,2,0,0
BRDA:130,2,1,0
BRDA:134,3,0,0
BRDA:143,4,0,0
BRDA:161,5,0,0
BRDA:209,6,0,0
BRDA:226,7,0,0
BRDA:226,7,1,0
BRDA:234,8,0,0
BRDA:234,8,1,0
BRDA:244,9,0,0
BRDA:244,9,1,0
BRDA:244,9,2,0
BRDA:244,9,3,0
BRDA:280,10,0,0
BRDA:280,10,1,0
BRDA:308,11,0,0
BRDA:315,12,0,0
BRDA:316,13,0,0
BRDA:317,14,0,0
BRDA:317,15,0,0
BRDA:317,15,1,0
BRDA:333,16,0,0
BRDA:340,17,0,0
BRDA:341,18,0,0
BRDA:342,19,0,0
BRDA:342,20,0,0
BRDA:342,20,1,0
BRDA:376,21,0,0
BRDA:376,21,1,0
BRDA:376,22,0,0
BRDA:376,22,1,0
BRDA:376,22,2,0
BRDA:379,23,0,0
BRDA:381,24,0,0
BRDA:402,25,0,0
BRDA:402,25,1,0
BRDA:409,26,0,0
BRDA:412,27,0,0
BRDA:420,28,0,0
BRDA:420,29,0,0
BRDA:420,29,1,0
BRF:44
BRH:0
end_of_record
TN:
SF:src\cli\claude-conversation-manager.ts
FN:38,(anonymous_9)
FN:59,(anonymous_10)
FN:108,(anonymous_11)
FN:144,(anonymous_12)
FN:150,(anonymous_13)
FN:159,(anonymous_14)
FN:160,(anonymous_15)
FN:161,(anonymous_16)
FN:216,(anonymous_17)
FN:241,(anonymous_18)
FN:292,(anonymous_19)
FN:351,(anonymous_20)
FN:400,(anonymous_21)
FN:411,(anonymous_22)
FN:457,(anonymous_23)
FN:466,(anonymous_24)
FN:473,(anonymous_25)
FNF:17
FNH:0
FNDA:0,(anonymous_9)
FNDA:0,(anonymous_10)
FNDA:0,(anonymous_11)
FNDA:0,(anonymous_12)
FNDA:0,(anonymous_13)
FNDA:0,(anonymous_14)
FNDA:0,(anonymous_15)
FNDA:0,(anonymous_16)
FNDA:0,(anonymous_17)
FNDA:0,(anonymous_18)
FNDA:0,(anonymous_19)
FNDA:0,(anonymous_20)
FNDA:0,(anonymous_21)
FNDA:0,(anonymous_22)
FNDA:0,(anonymous_23)
FNDA:0,(anonymous_24)
FNDA:0,(anonymous_25)
DA:6,0
DA:7,0
DA:8,0
DA:9,0
DA:10,0
DA:12,0
DA:30,0
DA:31,0
DA:32,0
DA:33,0
DA:39,0
DA:41,0
DA:42,0
DA:50,0
DA:53,0
DA:64,0
DA:65,0
DA:66,0
DA:70,0
DA:76,0
DA:79,0
DA:80,0
DA:84,0
DA:87,0
DA:90,0
DA:96,0
DA:99,0
DA:100,0
DA:102,0
DA:109,0
DA:112,0
DA:113,0
DA:117,0
DA:118,0
DA:121,0
DA:122,0
DA:123,0
DA:124,0
DA:126,0
DA:129,0
DA:133,0
DA:134,0
DA:135,0
DA:138,0
DA:148,0
DA:150,0
DA:151,0
DA:152,0
DA:155,0
DA:158,0
DA:159,0
DA:160,0
DA:161,0
DA:164,0
DA:166,0
DA:167,0
DA:168,0
DA:169,0
DA:172,0
DA:173,0
DA:178,0
DA:180,0
DA:181,0
DA:182,0
DA:187,0
DA:188,0
DA:194,0
DA:195,0
DA:197,0
DA:203,0
DA:204,0
DA:206,0
DA:220,0
DA:222,0
DA:223,0
DA:226,0
DA:236,0
DA:241,0
DA:242,0
DA:243,0
DA:247,0
DA:255,0
DA:256,0
DA:258,0
DA:259,0
DA:260,0
DA:262,0
DA:263,0
DA:267,0
DA:268,0
DA:277,0
DA:278,0
DA:281,0
DA:282,0
DA:285,0
DA:286,0
DA:296,0
DA:299,0
DA:300,0
DA:301,0
DA:308,0
DA:315,0
DA:318,0
DA:319,0
DA:327,0
DA:328,0
DA:329,0
DA:331,0
DA:332,0
DA:335,0
DA:336,0
DA:339,0
DA:340,0
DA:343,0
DA:344,0
DA:355,0
DA:357,0
DA:358,0
DA:361,0
DA:378,0
DA:379,0
DA:381,0
DA:382,0
DA:383,0
DA:385,0
DA:386,0
DA:389,0
DA:390,0
DA:393,0
DA:394,0
DA:401,0
DA:402,0
DA:405,0
DA:407,0
DA:408,0
DA:411,0
DA:412,0
DA:415,0
DA:429,0
DA:432,0
DA:440,0
DA:442,0
DA:445,0
DA:447,0
DA:448,0
DA:458,0
DA:459,0
DA:460,0
DA:467,0
DA:474,0
DA:475,0
DA:476,0
DA:477,0
DA:478,0
DA:484,0
LF:155
LH:0
BRDA:41,0,0,0
BRDA:65,1,0,0
BRDA:79,2,0,0
BRDA:112,3,0,0
BRDA:117,4,0,0
BRDA:123,5,0,0
BRDA:123,5,1,0
BRDA:134,6,0,0
BRDA:134,7,0,0
BRDA:134,7,1,0
BRDA:194,8,0,0
BRDA:194,8,1,0
BRDA:203,9,0,0
BRDA:203,9,1,0
BRDA:223,10,0,0
BRDA:223,10,1,0
BRDA:223,10,2,0
BRDA:228,11,0,0
BRDA:228,11,1,0
BRDA:230,12,0,0
BRDA:230,12,1,0
BRDA:242,13,0,0
BRDA:262,14,0,0
BRDA:262,15,0,0
BRDA:262,15,1,0
BRDA:267,16,0,0
BRDA:281,17,0,0
BRDA:281,18,0,0
BRDA:281,18,1,0
BRDA:300,19,0,0
BRDA:300,19,1,0
BRDA:300,19,2,0
BRDA:331,20,0,0
BRDA:331,21,0,0
BRDA:331,21,1,0
BRDA:335,22,0,0
BRDA:335,23,0,0
BRDA:335,23,1,0
BRDA:358,24,0,0
BRDA:358,24,1,0
BRDA:358,24,2,0
BRDA:370,25,0,0
BRDA:370,25,1,0
BRDA:385,26,0,0
BRDA:385,27,0,0
BRDA:385,27,1,0
BRDA:389,28,0,0
BRDA:389,29,0,0
BRDA:389,29,1,0
BRDA:401,30,0,0
BRDA:412,31,0,0
BRDA:412,31,1,0
BRDA:447,32,0,0
BRDA:473,33,0,0
BRDA:476,34,0,0
BRF:55
BRH:0
end_of_record
TN:
SF:src\cli\claude-integration.ts
FN:30,(anonymous_1)
FN:41,(anonymous_2)
FN:57,(anonymous_3)
FN:86,(anonymous_4)
FN:101,(anonymous_5)
FN:123,(anonymous_6)
FN:135,(anonymous_7)
FN:151,(anonymous_8)
FN:182,(anonymous_9)
FN:188,(anonymous_10)
FN:193,(anonymous_11)
FNF:11
FNH:0
FNDA:0,(anonymous_1)
FNDA:0,(anonymous_2)
FNDA:0,(anonymous_3)
FNDA:0,(anonymous_4)
FNDA:0,(anonymous_5)
FNDA:0,(anonymous_6)
FNDA:0,(anonymous_7)
FNDA:0,(anonymous_8)
FNDA:0,(anonymous_9)
FNDA:0,(anonymous_10)
FNDA:0,(anonymous_11)
DA:1,0
DA:3,0
DA:25,0
DA:26,0
DA:27,0
DA:31,0
DA:38,0
DA:42,0
DA:44,0
DA:45,0
DA:46,0
DA:49,0
DA:50,0
DA:51,0
DA:53,0
DA:58,0
DA:59,0
DA:62,0
DA:63,0
DA:65,0
DA:67,0
DA:79,0
DA:80,0
DA:82,0
DA:86,0
DA:96,0
DA:97,0
DA:102,0
DA:105,0
DA:106,0
DA:107,0
DA:108,0
DA:109,0
DA:113,0
DA:114,0
DA:116,0
DA:117,0
DA:118,0
DA:119,0
DA:121,0
DA:122,0
DA:123,0
DA:124,0
DA:125,0
DA:127,0
DA:133,0
DA:134,0
DA:135,0
DA:136,0
DA:138,0
DA:142,0
DA:145,0
DA:146,0
DA:148,0
DA:152,0
DA:154,0
DA:178,0
DA:182,0
DA:190,0
DA:194,0
DA:195,0
DA:198,0
DA:199,0
DA:210,0
DA:211,0
DA:213,0
DA:214,0
DA:219,0
LF:68
LH:0
BRDA:30,0,0,0
BRDA:42,1,0,0
BRDA:42,1,1,0
BRDA:44,2,0,0
BRDA:58,3,0,0
BRDA:80,4,0,0
BRDA:80,4,1,0
BRDA:80,5,0,0
BRDA:80,5,1,0
BRDA:105,6,0,0
BRDA:109,7,0,0
BRDA:109,7,1,0
BRDA:113,8,0,0
BRDA:113,9,0,0
BRDA:113,9,1,0
BRDA:118,10,0,0
BRDA:121,11,0,0
BRDA:121,12,0,0
BRDA:121,12,1,0
BRDA:122,13,0,0
BRDA:122,13,1,0
BRDA:133,14,0,0
BRDA:133,15,0,0
BRDA:133,15,1,0
BRDA:159,16,0,0
BRDA:159,16,1,0
BRDA:160,17,0,0
BRDA:160,17,1,0
BRDA:161,18,0,0
BRDA:161,18,1,0
BRDA:170,19,0,0
BRDA:170,19,1,0
BRDA:171,20,0,0
BRDA:171,20,1,0
BRDA:176,21,0,0
BRDA:176,21,1,0
BRDA:182,22,0,0
BRDA:182,22,1,0
BRDA:194,23,0,0
BRDA:211,24,0,0
BRDA:211,24,1,0
BRDA:211,24,2,0
BRF:42
BRH:0
end_of_record
TN:
SF:src\cli\codemind-cli.ts
FN:37,(anonymous_9)
FN:78,(anonymous_10)
FN:82,(anonymous_11)
FN:90,(anonymous_12)
FN:101,(anonymous_13)
FN:104,(anonymous_14)
FN:112,(anonymous_15)
FN:124,(anonymous_16)
FN:151,(anonymous_17)
FN:165,(anonymous_18)
FN:167,(anonymous_19)
FN:184,(anonymous_20)
FN:211,(anonymous_21)
FN:224,(anonymous_22)
FN:237,(anonymous_23)
FN:252,(anonymous_24)
FN:264,(anonymous_25)
FN:265,(anonymous_26)
FN:268,(anonymous_27)
FN:315,(anonymous_28)
FN:328,(anonymous_29)
FN:347,(anonymous_30)
FN:354,(anonymous_31)
FN:359,(anonymous_32)
FN:371,(anonymous_33)
FN:387,(anonymous_34)
FN:400,main
FN:437,(anonymous_36)
FN:445,(anonymous_37)
FN:459,(anonymous_38)
FN:465,(anonymous_39)
FN:475,(anonymous_40)
FNF:32
FNH:0
FNDA:0,(anonymous_9)
FNDA:0,(anonymous_10)
FNDA:0,(anonymous_11)
FNDA:0,(anonymous_12)
FNDA:0,(anonymous_13)
FNDA:0,(anonymous_14)
FNDA:0,(anonymous_15)
FNDA:0,(anonymous_16)
FNDA:0,(anonymous_17)
FNDA:0,(anonymous_18)
FNDA:0,(anonymous_19)
FNDA:0,(anonymous_20)
FNDA:0,(anonymous_21)
FNDA:0,(anonymous_22)
FNDA:0,(anonymous_23)
FNDA:0,(anonymous_24)
FNDA:0,(anonymous_25)
FNDA:0,(anonymous_26)
FNDA:0,(anonymous_27)
FNDA:0,(anonymous_28)
FNDA:0,(anonymous_29)
FNDA:0,(anonymous_30)
FNDA:0,(anonymous_31)
FNDA:0,(anonymous_32)
FNDA:0,(anonymous_33)
FNDA:0,(anonymous_34)
FNDA:0,main
FNDA:0,(anonymous_36)
FNDA:0,(anonymous_37)
FNDA:0,(anonymous_38)
FNDA:0,(anonymous_39)
FNDA:0,(anonymous_40)
DA:9,0
DA:10,0
DA:11,0
DA:12,0
DA:13,0
DA:14,0
DA:15,0
DA:16,0
DA:17,0
DA:18,0
DA:19,0
DA:20,0
DA:21,0
DA:25,0
DA:34,0
DA:35,0
DA:39,0
DA:40,0
DA:41,0
DA:42,0
DA:43,0
DA:44,0
DA:50,0
DA:51,0
DA:60,0
DA:63,0
DA:73,0
DA:75,0
DA:78,0
DA:81,0
DA:82,0
DA:83,0
DA:85,0
DA:86,0
DA:87,0
DA:90,0
DA:91,0
DA:92,0
DA:96,0
DA:97,0
DA:101,0
DA:104,0
DA:105,0
DA:106,0
DA:107,0
DA:108,0
DA:112,0
DA:113,0
DA:114,0
DA:115,0
DA:116,0
DA:125,0
DA:127,0
DA:130,0
DA:133,0
DA:136,0
DA:137,0
DA:138,0
DA:141,0
DA:142,0
DA:143,0
DA:144,0
DA:145,0
DA:146,0
DA:148,0
DA:151,0
DA:152,0
DA:153,0
DA:157,0
DA:158,0
DA:167,0
DA:168,0
DA:169,0
DA:170,0
DA:174,0
DA:175,0
DA:178,0
DA:184,0
DA:186,0
DA:187,0
DA:193,0
DA:194,0
DA:195,0
DA:199,0
DA:201,0
DA:204,0
DA:207,0
DA:211,0
DA:212,0
DA:215,0
DA:216,0
DA:217,0
DA:220,0
DA:224,0
DA:225,0
DA:226,0
DA:228,0
DA:230,0
DA:239,0
DA:240,0
DA:242,0
DA:243,0
DA:245,0
DA:253,0
DA:255,0
DA:258,0
DA:261,0
DA:264,0
DA:265,0
DA:268,0
DA:269,0
DA:270,0
DA:275,0
DA:281,0
DA:282,0
DA:283,0
DA:284,0
DA:288,0
DA:289,0
DA:292,0
DA:296,0
DA:298,0
DA:299,0
DA:300,0
DA:303,0
DA:304,0
DA:305,0
DA:308,0
DA:316,0
DA:317,0
DA:319,0
DA:320,0
DA:321,0
DA:324,0
DA:325,0
DA:326,0
DA:327,0
DA:328,0
DA:329,0
DA:333,0
DA:336,0
DA:337,0
DA:340,0
DA:348,0
DA:355,0
DA:357,0
DA:359,0
DA:361,0
DA:364,0
DA:367,0
DA:368,0
DA:369,0
DA:371,0
DA:379,0
DA:380,0
DA:385,0
DA:387,0
DA:390,0
DA:392,0
DA:400,0
DA:402,0
DA:403,0
DA:404,0
DA:406,0
DA:407,0
DA:425,0
DA:428,0
DA:429,0
DA:430,0
DA:433,0
DA:436,0
DA:437,0
DA:438,0
DA:439,0
DA:444,0
DA:445,0
DA:446,0
DA:448,0
DA:449,0
DA:450,0
DA:455,0
DA:459,0
DA:460,0
DA:461,0
DA:462,0
DA:465,0
DA:466,0
DA:467,0
DA:468,0
DA:474,0
DA:475,0
DA:476,0
DA:477,0
DA:481,0
LF:194
LH:0
BRDA:85,0,0,0
BRDA:85,0,1,0
BRDA:91,1,0,0
BRDA:107,2,0,0
BRDA:115,3,0,0
BRDA:127,4,0,0
BRDA:127,4,1,0
BRDA:138,5,0,0
BRDA:138,5,1,0
BRDA:138,6,0,0
BRDA:138,6,1,0
BRDA:169,7,0,0
BRDA:186,8,0,0
BRDA:186,8,1,0
BRDA:194,9,0,0
BRDA:215,10,0,0
BRDA:225,11,0,0
BRDA:225,11,1,0
BRDA:281,12,0,0
BRDA:281,12,1,0
BRDA:281,13,0,0
BRDA:281,13,1,0
BRDA:283,14,0,0
BRDA:283,15,0,0
BRDA:283,15,1,0
BRDA:288,16,0,0
BRDA:288,17,0,0
BRDA:288,17,1,0
BRDA:298,18,0,0
BRDA:298,19,0,0
BRDA:298,19,1,0
BRDA:303,20,0,0
BRDA:316,21,0,0
BRDA:316,21,1,0
BRDA:319,22,0,0
BRDA:319,22,1,0
BRDA:326,23,0,0
BRDA:326,24,0,0
BRDA:326,24,1,0
BRDA:367,25,0,0
BRDA:379,26,0,0
BRDA:403,27,0,0
BRDA:403,27,1,0
BRDA:404,28,0,0
BRDA:404,28,1,0
BRDA:406,29,0,0
BRDA:406,30,0,0
BRDA:406,30,1,0
BRDA:428,31,0,0
BRDA:428,32,0,0
BRDA:428,32,1,0
BRDA:436,33,0,0
BRDA:437,34,0,0
BRDA:437,34,1,0
BRDA:438,35,0,0
BRDA:438,36,0,0
BRDA:438,36,1,0
BRDA:444,37,0,0
BRDA:445,38,0,0
BRDA:445,38,1,0
BRDA:446,39,0,0
BRDA:446,40,0,0
BRDA:446,40,1,0
BRDA:474,41,0,0
BRF:64
BRH:0
end_of_record
TN:
SF:src\cli\codemind-workflow-orchestrator.ts
FN:91,(anonymous_0)
FN:106,(anonymous_1)
FN:130,(anonymous_2)
FN:177,(anonymous_3)
FN:196,(anonymous_4)
FN:202,(anonymous_5)
FN:215,(anonymous_6)
FN:229,(anonymous_7)
FN:243,(anonymous_8)
FN:256,(anonymous_9)
FN:266,(anonymous_10)
FN:271,(anonymous_11)
FN:286,(anonymous_12)
FN:296,(anonymous_13)
FN:301,(anonymous_14)
FN:304,(anonymous_15)
FN:313,(anonymous_16)
FN:329,(anonymous_17)
FN:362,(anonymous_18)
FN:365,(anonymous_19)
FN:371,(anonymous_20)
FN:373,(anonymous_21)
FN:375,(anonymous_22)
FN:381,(anonymous_23)
FN:384,(anonymous_24)
FN:387,(anonymous_25)
FN:412,(anonymous_26)
FN:463,(anonymous_27)
FN:467,(anonymous_28)
FN:477,(anonymous_29)
FN:482,(anonymous_30)
FN:505,(anonymous_31)
FN:524,(anonymous_32)
FN:528,(anonymous_33)
FN:533,(anonymous_34)
FN:550,(anonymous_35)
FN:554,(anonymous_36)
FN:587,(anonymous_37)
FN:615,(anonymous_38)
FN:630,(anonymous_39)
FN:635,(anonymous_40)
FN:639,(anonymous_41)
FN:645,(anonymous_42)
FNF:43
FNH:0
FNDA:0,(anonymous_0)
FNDA:0,(anonymous_1)
FNDA:0,(anonymous_2)
FNDA:0,(anonymous_3)
FNDA:0,(anonymous_4)
FNDA:0,(anonymous_5)
FNDA:0,(anonymous_6)
FNDA:0,(anonymous_7)
FNDA:0,(anonymous_8)
FNDA:0,(anonymous_9)
FNDA:0,(anonymous_10)
FNDA:0,(anonymous_11)
FNDA:0,(anonymous_12)
FNDA:0,(anonymous_13)
FNDA:0,(anonymous_14)
FNDA:0,(anonymous_15)
FNDA:0,(anonymous_16)
FNDA:0,(anonymous_17)
FNDA:0,(anonymous_18)
FNDA:0,(anonymous_19)
FNDA:0,(anonymous_20)
FNDA:0,(anonymous_21)
FNDA:0,(anonymous_22)
FNDA:0,(anonymous_23)
FNDA:0,(anonymous_24)
FNDA:0,(anonymous_25)
FNDA:0,(anonymous_26)
FNDA:0,(anonymous_27)
FNDA:0,(anonymous_28)
FNDA:0,(anonymous_29)
FNDA:0,(anonymous_30)
FNDA:0,(anonymous_31)
FNDA:0,(anonymous_32)
FNDA:0,(anonymous_33)
FNDA:0,(anonymous_34)
FNDA:0,(anonymous_35)
FNDA:0,(anonymous_36)
FNDA:0,(anonymous_37)
FNDA:0,(anonymous_38)
FNDA:0,(anonymous_39)
FNDA:0,(anonymous_40)
FNDA:0,(anonymous_41)
FNDA:0,(anonymous_42)
DA:17,0
DA:18,0
DA:19,0
DA:20,0
DA:21,0
DA:22,0
DA:80,0
DA:81,0
DA:92,0
DA:93,0
DA:94,0
DA:95,0
DA:96,0
DA:97,0
DA:98,0
DA:99,0
DA:107,0
DA:108,0
DA:109,0
DA:111,0
DA:113,0
DA:114,0
DA:117,0
DA:118,0
DA:121,0
DA:122,0
DA:125,0
DA:126,0
DA:129,0
DA:130,0
DA:134,0
DA:135,0
DA:136,0
DA:152,0
DA:153,0
DA:157,0
DA:160,0
DA:162,0
DA:163,0
DA:166,0
DA:168,0
DA:169,0
DA:178,0
DA:181,0
DA:184,0
DA:197,0
DA:198,0
DA:199,0
DA:203,0
DA:212,0
DA:216,0
DA:226,0
DA:230,0
DA:240,0
DA:244,0
DA:253,0
DA:258,0
DA:268,0
DA:276,0
DA:279,0
DA:286,0
DA:298,0
DA:299,0
DA:301,0
DA:306,0
DA:307,0
DA:308,0
DA:310,0
DA:314,0
DA:326,0
DA:330,0
DA:331,0
DA:333,0
DA:334,0
DA:337,0
DA:340,0
DA:341,0
DA:342,0
DA:343,0
DA:351,0
DA:354,0
DA:355,0
DA:359,0
DA:364,0
DA:365,0
DA:368,0
DA:371,0
DA:373,0
DA:375,0
DA:378,0
DA:383,0
DA:384,0
DA:389,0
DA:390,0
DA:393,0
DA:402,0
DA:413,0
DA:415,0
DA:416,0
DA:427,0
DA:428,0
DA:439,0
DA:440,0
DA:452,0
DA:465,0
DA:466,0
DA:467,0
DA:470,0
DA:471,0
DA:474,0
DA:479,0
DA:489,0
DA:490,0
DA:501,0
DA:502,0
DA:503,0
DA:505,0
DA:512,0
DA:513,0
DA:525,0
DA:530,0
DA:535,0
DA:551,0
DA:555,0
DA:557,0
DA:560,0
DA:568,0
DA:569,0
DA:572,0
DA:573,0
DA:574,0
DA:575,0
DA:576,0
DA:577,0
DA:582,0
DA:584,0
DA:585,0
DA:586,0
DA:587,0
DA:591,0
DA:592,0
DA:594,0
DA:616,0
DA:625,0
DA:632,0
DA:649,0
LF:146
LH:0
BRDA:134,0,0,0
BRDA:134,0,1,0
BRDA:153,1,0,0
BRDA:153,1,1,0
BRDA:162,2,0,0
BRDA:162,2,1,0
BRDA:197,3,0,0
BRDA:198,4,0,0
BRDA:212,5,0,0
BRDA:212,5,1,0
BRDA:226,6,0,0
BRDA:226,6,1,0
BRDA:240,7,0,0
BRDA:240,7,1,0
BRDA:253,8,0,0
BRDA:253,8,1,0
BRDA:292,9,0,0
BRDA:292,9,1,0
BRDA:298,10,0,0
BRDA:298,10,1,0
BRDA:307,11,0,0
BRDA:326,12,0,0
BRDA:326,12,1,0
BRDA:341,13,0,0
BRDA:346,14,0,0
BRDA:346,14,1,0
BRDA:347,15,0,0
BRDA:347,15,1,0
BRDA:354,16,0,0
BRDA:397,17,0,0
BRDA:397,17,1,0
BRDA:415,18,0,0
BRDA:427,19,0,0
BRDA:439,20,0,0
BRDA:465,21,0,0
BRDA:467,22,0,0
BRDA:467,22,1,0
BRDA:470,23,0,0
BRDA:470,24,0,0
BRDA:470,24,1,0
BRDA:470,24,2,0
BRDA:471,25,0,0
BRDA:471,25,1,0
BRDA:486,26,0,0
BRDA:489,27,0,0
BRDA:501,28,0,0
BRDA:501,28,1,0
BRDA:501,29,0,0
BRDA:501,29,1,0
BRDA:505,30,0,0
BRDA:505,30,1,0
BRDA:574,31,0,0
BRDA:585,32,0,0
BRDA:591,33,0,0
BRDA:591,33,1,0
BRDA:592,34,0,0
BRDA:592,34,1,0
BRDA:605,35,0,0
BRDA:605,35,1,0
BRDA:606,36,0,0
BRDA:606,36,1,0
BRDA:607,37,0,0
BRDA:607,37,1,0
BRDA:608,38,0,0
BRDA:608,38,1,0
BRDA:609,39,0,0
BRDA:609,39,1,0
BRDA:625,40,0,0
BRDA:625,40,1,0
BRF:69
BRH:0
end_of_record
TN:
SF:src\cli\container-manager.ts
FN:41,(anonymous_9)
FN:49,(anonymous_10)
FN:115,(anonymous_11)
FN:149,(anonymous_12)
FN:179,(anonymous_13)
FN:201,(anonymous_14)
FN:238,(anonymous_15)
FN:246,(anonymous_16)
FN:250,(anonymous_17)
FN:280,(anonymous_18)
FN:293,(anonymous_19)
FN:306,(anonymous_20)
FN:332,(anonymous_21)
FN:353,(anonymous_22)
FN:362,(anonymous_23)
FN:372,(anonymous_24)
FN:395,(anonymous_25)
FN:409,(anonymous_26)
FN:423,(anonymous_27)
FN:434,(anonymous_28)
FN:440,(anonymous_29)
FN:483,(anonymous_30)
FN:521,(anonymous_31)
FN:528,(anonymous_32)
FN:570,(anonymous_33)
FNF:25
FNH:0
FNDA:0,(anonymous_9)
FNDA:0,(anonymous_10)
FNDA:0,(anonymous_11)
FNDA:0,(anonymous_12)
FNDA:0,(anonymous_13)
FNDA:0,(anonymous_14)
FNDA:0,(anonymous_15)
FNDA:0,(anonymous_16)
FNDA:0,(anonymous_17)
FNDA:0,(anonymous_18)
FNDA:0,(anonymous_19)
FNDA:0,(anonymous_20)
FNDA:0,(anonymous_21)
FNDA:0,(anonymous_22)
FNDA:0,(anonymous_23)
FNDA:0,(anonymous_24)
FNDA:0,(anonymous_25)
FNDA:0,(anonymous_26)
FNDA:0,(anonymous_27)
FNDA:0,(anonymous_28)
FNDA:0,(anonymous_29)
FNDA:0,(anonymous_30)
FNDA:0,(anonymous_31)
FNDA:0,(anonymous_32)
FNDA:0,(anonymous_33)
DA:1,0
DA:2,0
DA:3,0
DA:4,0
DA:5,0
DA:7,0
DA:36,0
DA:37,0
DA:42,0
DA:43,0
DA:55,0
DA:60,0
DA:72,0
DA:75,0
DA:76,0
DA:77,0
DA:81,0
DA:82,0
DA:83,0
DA:87,0
DA:88,0
DA:89,0
DA:90,0
DA:94,0
DA:95,0
DA:96,0
DA:101,0
DA:103,0
DA:109,0
DA:116,0
DA:117,0
DA:119,0
DA:150,0
DA:180,0
DA:202,0
DA:239,0
DA:245,0
DA:246,0
DA:249,0
DA:250,0
DA:253,0
DA:254,0
DA:257,0
DA:258,0
DA:261,0
DA:262,0
DA:265,0
DA:266,0
DA:274,0
DA:281,0
DA:282,0
DA:284,0
DA:286,0
DA:287,0
DA:294,0
DA:295,0
DA:297,0
DA:299,0
DA:300,0
DA:307,0
DA:309,0
DA:310,0
DA:312,0
DA:314,0
DA:315,0
DA:317,0
DA:318,0
DA:322,0
DA:324,0
DA:325,0
DA:333,0
DA:335,0
DA:336,0
DA:338,0
DA:339,0
DA:343,0
DA:345,0
DA:346,0
DA:354,0
DA:355,0
DA:357,0
DA:358,0
DA:362,0
DA:364,0
DA:365,0
DA:373,0
DA:374,0
DA:376,0
DA:389,0
DA:396,0
DA:397,0
DA:398,0
DA:399,0
DA:401,0
DA:402,0
DA:410,0
DA:411,0
DA:412,0
DA:413,0
DA:415,0
DA:416,0
DA:425,0
DA:428,0
DA:429,0
DA:430,0
DA:431,0
DA:432,0
DA:433,0
DA:434,0
DA:435,0
DA:436,0
DA:437,0
DA:438,0
DA:439,0
DA:440,0
DA:442,0
DA:446,0
DA:452,0
DA:453,0
DA:454,0
DA:455,0
DA:456,0
DA:457,0
DA:458,0
DA:465,0
DA:466,0
DA:467,0
DA:468,0
DA:469,0
DA:470,0
DA:471,0
DA:477,0
DA:484,0
DA:517,0
DA:519,0
DA:522,0
DA:535,0
DA:537,0
DA:539,0
DA:546,0
DA:547,0
DA:549,0
DA:556,0
DA:557,0
DA:558,0
DA:562,0
DA:563,0
DA:575,0
DA:577,0
DA:585,0
DA:592,0
LF:151
LH:0
BRDA:75,0,0,0
BRDA:81,1,0,0
BRDA:87,2,0,0
BRDA:94,3,0,0
BRDA:105,4,0,0
BRDA:105,4,1,0
BRDA:106,5,0,0
BRDA:106,5,1,0
BRDA:117,6,0,0
BRDA:117,6,1,0
BRDA:245,7,0,0
BRDA:249,8,0,0
BRDA:253,9,0,0
BRDA:257,10,0,0
BRDA:261,11,0,0
BRDA:265,12,0,0
BRDA:306,13,0,0
BRDA:314,14,0,0
BRDA:315,15,0,0
BRDA:384,16,0,0
BRDA:384,16,1,0
BRDA:385,17,0,0
BRDA:385,17,1,0
BRDA:432,18,0,0
BRDA:432,18,1,0
BRDA:435,19,0,0
BRDA:435,19,1,0
BRDA:435,20,0,0
BRDA:435,20,1,0
BRDA:438,21,0,0
BRDA:438,21,1,0
BRDA:452,22,0,0
BRDA:452,23,0,0
BRDA:452,23,1,0
BRDA:456,24,0,0
BRDA:456,25,0,0
BRDA:456,25,1,0
BRDA:465,26,0,0
BRDA:465,27,0,0
BRDA:465,27,1,0
BRDA:469,28,0,0
BRDA:469,29,0,0
BRDA:469,29,1,0
BRDA:556,30,0,0
BRF:44
BRH:0
end_of_record
TN:
SF:src\cli\context-optimizer.ts
FN:80,(anonymous_9)
FN:82,(anonymous_10)
FN:87,(anonymous_11)
FN:97,(anonymous_12)
FN:145,(anonymous_13)
FN:180,(anonymous_14)
FN:205,(anonymous_15)
FN:208,(anonymous_16)
FN:214,(anonymous_17)
FN:219,(anonymous_18)
FN:237,(anonymous_19)
FN:238,(anonymous_20)
FN:238,(anonymous_21)
FN:260,(anonymous_22)
FN:263,(anonymous_23)
FN:263,(anonymous_24)
FN:281,(anonymous_25)
FN:303,(anonymous_26)
FN:314,(anonymous_27)
FN:370,(anonymous_28)
FN:400,(anonymous_29)
FN:431,(anonymous_30)
FN:445,(anonymous_31)
FN:452,(anonymous_32)
FN:471,(anonymous_33)
FN:480,(anonymous_34)
FN:526,(anonymous_35)
FN:535,(anonymous_36)
FN:542,(anonymous_37)
FN:551,(anonymous_38)
FN:557,(anonymous_39)
FN:567,(anonymous_40)
FN:574,(anonymous_41)
FN:580,(anonymous_42)
FN:595,(anonymous_43)
FN:611,(anonymous_44)
FN:615,(anonymous_45)
FN:625,(anonymous_46)
FN:625,(anonymous_47)
FN:629,(anonymous_48)
FN:635,(anonymous_49)
FN:635,(anonymous_50)
FN:642,(anonymous_51)
FN:660,(anonymous_52)
FN:664,(anonymous_53)
FN:700,(anonymous_54)
FNF:46
FNH:3
FNDA:5,(anonymous_9)
FNDA:0,(anonymous_10)
FNDA:5,(anonymous_11)
FNDA:0,(anonymous_12)
FNDA:0,(anonymous_13)
FNDA:0,(anonymous_14)
FNDA:0,(anonymous_15)
FNDA:0,(anonymous_16)
FNDA:0,(anonymous_17)
FNDA:0,(anonymous_18)
FNDA:0,(anonymous_19)
FNDA:0,(anonymous_20)
FNDA:0,(anonymous_21)
FNDA:0,(anonymous_22)
FNDA:0,(anonymous_23)
FNDA:0,(anonymous_24)
FNDA:0,(anonymous_25)
FNDA:0,(anonymous_26)
FNDA:0,(anonymous_27)
FNDA:0,(anonymous_28)
FNDA:0,(anonymous_29)
FNDA:0,(anonymous_30)
FNDA:0,(anonymous_31)
FNDA:0,(anonymous_32)
FNDA:0,(anonymous_33)
FNDA:0,(anonymous_34)
FNDA:0,(anonymous_35)
FNDA:0,(anonymous_36)
FNDA:0,(anonymous_37)
FNDA:0,(anonymous_38)
FNDA:0,(anonymous_39)
FNDA:0,(anonymous_40)
FNDA:0,(anonymous_41)
FNDA:0,(anonymous_42)
FNDA:0,(anonymous_43)
FNDA:0,(anonymous_44)
FNDA:0,(anonymous_45)
FNDA:0,(anonymous_46)
FNDA:0,(anonymous_47)
FNDA:0,(anonymous_48)
FNDA:0,(anonymous_49)
FNDA:0,(anonymous_50)
FNDA:0,(anonymous_51)
FNDA:0,(anonymous_52)
FNDA:0,(anonymous_53)
FNDA:1,(anonymous_54)
DA:1,1
DA:2,1
DA:3,1
DA:4,1
DA:5,1
DA:6,1
DA:74,1
DA:75,5
DA:76,5
DA:77,5
DA:81,5
DA:82,5
DA:83,0
DA:88,5
DA:89,5
DA:90,0
DA:92,0
DA:98,0
DA:100,0
DA:101,0
DA:102,0
DA:105,0
DA:107,0
DA:113,0
DA:124,0
DA:133,0
DA:136,0
DA:138,0
DA:140,0
DA:142,0
DA:146,0
DA:148,0
DA:149,0
DA:150,0
DA:151,0
DA:152,0
DA:154,0
DA:155,0
DA:156,0
DA:157,0
DA:158,0
DA:164,0
DA:173,0
DA:177,0
DA:181,0
DA:188,0
DA:198,0
DA:206,0
DA:208,0
DA:209,0
DA:210,0
DA:211,0
DA:214,0
DA:215,0
DA:220,0
DA:234,0
DA:238,0
DA:240,0
DA:241,0
DA:242,0
DA:243,0
DA:244,0
DA:245,0
DA:248,0
DA:249,0
DA:250,0
DA:251,0
DA:254,0
DA:255,0
DA:257,0
DA:261,0
DA:262,0
DA:263,0
DA:264,0
DA:265,0
DA:267,0
DA:268,0
DA:269,0
DA:270,0
DA:271,0
DA:272,0
DA:278,0
DA:282,0
DA:291,0
DA:292,0
DA:293,0
DA:294,0
DA:300,0
DA:304,0
DA:305,0
DA:309,0
DA:310,0
DA:311,0
DA:321,0
DA:322,0
DA:325,0
DA:326,0
DA:327,0
DA:328,0
DA:335,0
DA:336,0
DA:338,0
DA:343,0
DA:344,0
DA:345,0
DA:346,0
DA:349,0
DA:350,0
DA:351,0
DA:352,0
DA:353,0
DA:357,0
DA:359,0
DA:370,0
DA:373,0
DA:375,0
DA:376,0
DA:378,0
DA:379,0
DA:382,0
DA:383,0
DA:387,0
DA:388,0
DA:394,0
DA:397,0
DA:406,0
DA:409,0
DA:410,0
DA:411,0
DA:412,0
DA:413,0
DA:416,0
DA:417,0
DA:418,0
DA:421,0
DA:422,0
DA:423,0
DA:424,0
DA:425,0
DA:428,0
DA:429,0
DA:430,0
DA:431,0
DA:432,0
DA:436,0
DA:437,0
DA:438,0
DA:442,0
DA:446,0
DA:447,0
DA:448,0
DA:449,0
DA:453,0
DA:454,0
DA:455,0
DA:457,0
DA:458,0
DA:460,0
DA:461,0
DA:462,0
DA:465,0
DA:468,0
DA:473,0
DA:477,0
DA:486,0
DA:487,0
DA:488,0
DA:489,0
DA:493,0
DA:495,0
DA:497,0
DA:498,0
DA:501,0
DA:502,0
DA:503,0
DA:504,0
DA:507,0
DA:514,0
DA:515,0
DA:516,0
DA:520,0
DA:521,0
DA:525,0
DA:526,0
DA:530,0
DA:531,0
DA:536,0
DA:537,0
DA:543,0
DA:544,0
DA:545,0
DA:546,0
DA:547,0
DA:548,0
DA:552,0
DA:554,0
DA:555,0
DA:556,0
DA:557,0
DA:560,0
DA:561,0
DA:564,0
DA:568,0
DA:569,0
DA:570,0
DA:573,0
DA:574,0
DA:576,0
DA:577,0
DA:580,0
DA:581,0
DA:586,0
DA:591,0
DA:596,0
DA:598,0
DA:599,0
DA:600,0
DA:601,0
DA:604,0
DA:608,0
DA:612,0
DA:615,0
DA:616,0
DA:617,0
DA:620,0
DA:621,0
DA:625,0
DA:629,0
DA:630,0
DA:631,0
DA:635,0
DA:639,0
DA:643,0
DA:645,0
DA:646,0
DA:649,0
DA:650,0
DA:653,0
DA:654,0
DA:657,0
DA:661,0
DA:665,0
DA:667,0
DA:668,0
DA:671,0
DA:672,0
DA:673,0
DA:674,0
DA:680,0
DA:681,0
DA:682,0
DA:683,0
DA:689,0
DA:690,0
DA:691,0
DA:692,0
DA:697,0
DA:701,1
DA:702,1
DA:706,1
LF:260
LH:17
BRDA:100,0,0,0
BRDA:211,1,0,0
BRDA:211,1,1,0
BRDA:214,2,0,0
BRDA:214,2,1,0
BRDA:215,3,0,0
BRDA:215,3,1,0
BRDA:234,4,0,0
BRDA:234,4,1,0
BRDA:240,5,0,0
BRDA:241,6,0,0
BRDA:241,7,0,0
BRDA:241,7,1,0
BRDA:241,7,2,0
BRDA:242,8,0,0
BRDA:242,9,0,0
BRDA:242,9,1,0
BRDA:242,9,2,0
BRDA:243,10,0,0
BRDA:243,11,0,0
BRDA:243,11,1,0
BRDA:244,12,0,0
BRDA:248,13,0,0
BRDA:248,14,0,0
BRDA:248,14,1,0
BRDA:249,15,0,0
BRDA:249,16,0,0
BRDA:249,16,1,0
BRDA:250,17,0,0
BRDA:250,18,0,0
BRDA:250,18,1,0
BRDA:254,19,0,0
BRDA:255,20,0,0
BRDA:263,21,0,0
BRDA:267,22,0,0
BRDA:268,23,0,0
BRDA:269,24,0,0
BRDA:270,25,0,0
BRDA:271,26,0,0
BRDA:272,27,0,0
BRDA:304,28,0,0
BRDA:309,29,0,0
BRDA:310,30,0,0
BRDA:326,31,0,0
BRDA:331,32,0,0
BRDA:331,32,1,0
BRDA:349,33,0,0
BRDA:351,34,0,0
BRDA:373,35,0,0
BRDA:373,35,1,0
BRDA:373,35,2,0
BRDA:373,35,3,0
BRDA:382,36,0,0
BRDA:382,36,1,0
BRDA:410,37,0,0
BRDA:411,38,0,0
BRDA:412,39,0,0
BRDA:413,40,0,0
BRDA:418,41,0,0
BRDA:421,42,0,0
BRDA:422,43,0,0
BRDA:423,44,0,0
BRDA:424,45,0,0
BRDA:424,46,0,0
BRDA:424,46,1,0
BRDA:425,47,0,0
BRDA:425,48,0,0
BRDA:425,48,1,0
BRDA:428,49,0,0
BRDA:436,50,0,0
BRDA:437,51,0,0
BRDA:446,52,0,0
BRDA:447,53,0,0
BRDA:448,54,0,0
BRDA:460,55,0,0
BRDA:465,56,0,0
BRDA:473,57,0,0
BRDA:473,57,1,0
BRDA:474,58,0,0
BRDA:474,58,1,0
BRDA:475,59,0,0
BRDA:475,59,1,0
BRDA:501,60,0,0
BRDA:501,60,1,0
BRDA:502,61,0,0
BRDA:514,62,0,0
BRDA:520,63,0,0
BRDA:537,64,0,0
BRDA:537,64,1,0
BRDA:537,64,2,0
BRDA:543,65,0,0
BRDA:544,66,0,0
BRDA:545,67,0,0
BRDA:546,68,0,0
BRDA:547,69,0,0
BRDA:554,70,0,0
BRDA:560,71,0,0
BRDA:560,72,0,0
BRDA:560,72,1,0
BRDA:576,73,0,0
BRDA:581,74,0,0
BRDA:581,74,1,0
BRDA:581,74,2,0
BRDA:586,75,0,0
BRDA:586,75,1,0
BRDA:599,76,0,0
BRDA:599,76,1,0
BRDA:616,77,0,0
BRDA:616,77,1,0
BRDA:620,78,0,0
BRDA:629,79,0,0
BRDA:629,79,1,0
BRDA:629,79,2,0
BRDA:630,80,0,0
BRDA:635,81,0,0
BRDA:635,81,1,0
BRDA:635,81,2,0
BRDA:645,82,0,0
BRDA:649,83,0,0
BRDA:653,84,0,0
BRDA:661,85,0,0
BRDA:661,85,1,0
BRDA:661,86,0,0
BRDA:661,86,1,0
BRDA:665,87,0,0
BRDA:665,88,0,0
BRDA:665,88,1,0
BRDA:672,89,0,0
BRDA:672,90,0,0
BRDA:672,90,1,0
BRDA:673,91,0,0
BRDA:673,92,0,0
BRDA:673,92,1,0
BRDA:674,93,0,0
BRDA:674,93,1,0
BRDA:680,94,0,0
BRDA:682,95,0,0
BRDA:689,96,0,0
BRDA:691,97,0,0
BRF:139
BRH:0
end_of_record
TN:
SF:src\cli\database-update-manager.ts
FN:70,(anonymous_9)
FN:75,(anonymous_10)
FN:143,(anonymous_11)
FN:191,(anonymous_12)
FN:295,(anonymous_13)
FN:350,(anonymous_14)
FN:490,(anonymous_15)
FN:506,(anonymous_16)
FN:510,(anonymous_17)
FN:535,(anonymous_18)
FN:565,(anonymous_19)
FN:574,(anonymous_20)
FN:598,(anonymous_21)
FN:633,(anonymous_22)
FN:639,(anonymous_23)
FN:642,(anonymous_24)
FN:646,(anonymous_25)
FN:661,(anonymous_26)
FN:742,(anonymous_27)
FN:759,(anonymous_28)
FN:765,(anonymous_29)
FNF:21
FNH:0
FNDA:0,(anonymous_9)
FNDA:0,(anonymous_10)
FNDA:0,(anonymous_11)
FNDA:0,(anonymous_12)
FNDA:0,(anonymous_13)
FNDA:0,(anonymous_14)
FNDA:0,(anonymous_15)
FNDA:0,(anonymous_16)
FNDA:0,(anonymous_17)
FNDA:0,(anonymous_18)
FNDA:0,(anonymous_19)
FNDA:0,(anonymous_20)
FNDA:0,(anonymous_21)
FNDA:0,(anonymous_22)
FNDA:0,(anonymous_23)
FNDA:0,(anonymous_24)
FNDA:0,(anonymous_25)
FNDA:0,(anonymous_26)
FNDA:0,(anonymous_27)
FNDA:0,(anonymous_28)
FNDA:0,(anonymous_29)
DA:6,0
DA:8,0
DA:9,0
DA:10,0
DA:11,0
DA:65,0
DA:66,0
DA:71,0
DA:72,0
DA:80,0
DA:82,0
DA:83,0
DA:90,0
DA:92,0
DA:95,0
DA:103,0
DA:104,0
DA:106,0
DA:107,0
DA:110,0
DA:111,0
DA:113,0
DA:114,0
DA:117,0
DA:118,0
DA:120,0
DA:121,0
DA:124,0
DA:125,0
DA:127,0
DA:128,0
DA:131,0
DA:132,0
DA:134,0
DA:135,0
DA:138,0
DA:139,0
DA:144,0
DA:146,0
DA:147,0
DA:148,0
DA:151,0
DA:152,0
DA:153,0
DA:154,0
DA:156,0
DA:157,0
DA:158,0
DA:159,0
DA:160,0
DA:163,0
DA:164,0
DA:165,0
DA:169,0
DA:172,0
DA:174,0
DA:184,0
DA:188,0
DA:195,0
DA:196,0
DA:197,0
DA:198,0
DA:200,0
DA:201,0
DA:202,0
DA:204,0
DA:205,0
DA:206,0
DA:208,0
DA:212,0
DA:216,0
DA:221,0
DA:223,0
DA:235,0
DA:238,0
DA:239,0
DA:258,0
DA:262,0
DA:263,0
DA:264,0
DA:265,0
DA:266,0
DA:270,0
DA:279,0
DA:283,0
DA:284,0
DA:296,0
DA:297,0
DA:298,0
DA:300,0
DA:301,0
DA:303,0
DA:304,0
DA:305,0
DA:307,0
DA:309,0
DA:310,0
DA:311,0
DA:315,0
DA:316,0
DA:317,0
DA:320,0
DA:321,0
DA:324,0
DA:325,0
DA:326,0
DA:327,0
DA:331,0
DA:339,0
DA:340,0
DA:354,0
DA:355,0
DA:356,0
DA:358,0
DA:359,0
DA:362,0
DA:363,0
DA:365,0
DA:369,0
DA:373,0
DA:374,0
DA:378,0
DA:382,0
DA:384,0
DA:394,0
DA:406,0
DA:409,0
DA:410,0
DA:411,0
DA:413,0
DA:414,0
DA:415,0
DA:418,0
DA:436,0
DA:437,0
DA:438,0
DA:439,0
DA:443,0
DA:446,0
DA:452,0
DA:453,0
DA:468,0
DA:471,0
DA:479,0
DA:480,0
DA:496,0
DA:507,0
DA:511,0
DA:513,0
DA:532,0
DA:536,0
DA:539,0
DA:542,0
DA:543,0
DA:544,0
DA:546,0
DA:549,0
DA:550,0
DA:551,0
DA:557,0
DA:558,0
DA:559,0
DA:563,0
DA:564,0
DA:565,0
DA:566,0
DA:567,0
DA:571,0
DA:575,0
DA:576,0
DA:577,0
DA:578,0
DA:581,0
DA:582,0
DA:583,0
DA:584,0
DA:586,0
DA:588,0
DA:592,0
DA:594,0
DA:603,0
DA:604,0
DA:607,0
DA:613,0
DA:614,0
DA:615,0
DA:622,0
DA:623,0
DA:626,0
DA:630,0
DA:634,0
DA:635,0
DA:636,0
DA:642,0
DA:643,0
DA:648,0
DA:665,0
DA:666,0
DA:669,0
DA:672,0
DA:673,0
DA:674,0
DA:675,0
DA:678,0
DA:679,0
DA:680,0
DA:681,0
DA:683,0
DA:694,0
DA:696,0
DA:697,0
DA:698,0
DA:699,0
DA:701,0
DA:702,0
DA:703,0
DA:704,0
DA:706,0
DA:717,0
DA:719,0
DA:720,0
DA:721,0
DA:722,0
DA:724,0
DA:725,0
DA:726,0
DA:727,0
DA:729,0
DA:739,0
DA:743,0
DA:744,0
DA:746,0
DA:747,0
DA:748,0
DA:749,0
DA:750,0
DA:751,0
DA:753,0
DA:756,0
DA:761,0
DA:762,0
DA:767,0
DA:773,0
DA:777,0
LF:244
LH:0
BRDA:71,0,0,0
BRDA:71,0,1,0
BRDA:72,1,0,0
BRDA:72,1,1,0
BRDA:103,2,0,0
BRDA:103,2,1,0
BRDA:106,3,0,0
BRDA:106,3,1,0
BRDA:110,4,0,0
BRDA:110,4,1,0
BRDA:113,5,0,0
BRDA:113,5,1,0
BRDA:117,6,0,0
BRDA:117,6,1,0
BRDA:120,7,0,0
BRDA:120,7,1,0
BRDA:124,8,0,0
BRDA:124,8,1,0
BRDA:127,9,0,0
BRDA:127,9,1,0
BRDA:164,10,0,0
BRDA:177,11,0,0
BRDA:177,11,1,0
BRDA:206,12,0,0
BRDA:221,13,0,0
BRDA:221,13,1,0
BRDA:262,14,0,0
BRDA:307,15,0,0
BRDA:315,16,0,0
BRDA:325,17,0,0
BRDA:363,18,0,0
BRDA:382,19,0,0
BRDA:382,19,1,0
BRDA:409,20,0,0
BRDA:409,21,0,0
BRDA:409,21,1,0
BRDA:436,22,0,0
BRDA:438,23,0,0
BRDA:452,24,0,0
BRDA:532,25,0,0
BRDA:532,25,1,0
BRDA:544,26,0,0
BRDA:544,26,1,0
BRDA:544,27,0,0
BRDA:544,27,1,0
BRDA:550,28,0,0
BRDA:622,29,0,0
BRDA:650,30,0,0
BRDA:650,30,1,0
BRDA:679,31,0,0
BRDA:702,32,0,0
BRDA:725,33,0,0
BRDA:746,34,0,0
BRDA:746,34,1,0
BRDA:748,35,0,0
BRDA:748,35,1,0
BRDA:750,36,0,0
BRDA:756,37,0,0
BRDA:756,37,1,0
BRDA:761,38,0,0
BRDA:761,38,1,0
BRF:61
BRH:0
end_of_record
TN:
SF:src\cli\git-branch-manager.ts
FN:31,(anonymous_0)
FN:38,(anonymous_1)
FN:82,(anonymous_2)
FN:123,(anonymous_3)
FN:153,(anonymous_4)
FN:182,(anonymous_5)
FN:193,(anonymous_6)
FN:219,(anonymous_7)
FN:227,(anonymous_8)
FN:249,(anonymous_9)
FNF:10
FNH:0
FNDA:0,(anonymous_0)
FNDA:0,(anonymous_1)
FNDA:0,(anonymous_2)
FNDA:0,(anonymous_3)
FNDA:0,(anonymous_4)
FNDA:0,(anonymous_5)
FNDA:0,(anonymous_6)
FNDA:0,(anonymous_7)
FNDA:0,(anonymous_8)
FNDA:0,(anonymous_9)
DA:6,0
DA:7,0
DA:8,0
DA:10,0
DA:27,0
DA:28,0
DA:32,0
DA:39,0
DA:41,0
DA:47,0
DA:49,0
DA:52,0
DA:55,0
DA:58,0
DA:59,0
DA:61,0
DA:62,0
DA:64,0
DA:68,0
DA:70,0
DA:71,0
DA:74,0
DA:75,0
DA:83,0
DA:84,0
DA:87,0
DA:88,0
DA:89,0
DA:92,0
DA:96,0
DA:97,0
DA:100,0
DA:101,0
DA:103,0
DA:104,0
DA:106,0
DA:108,0
DA:115,0
DA:116,0
DA:124,0
DA:125,0
DA:128,0
DA:131,0
DA:132,0
DA:135,0
DA:140,0
DA:142,0
DA:145,0
DA:146,0
DA:154,0
DA:155,0
DA:158,0
DA:159,0
DA:162,0
DA:165,0
DA:166,0
DA:171,0
DA:174,0
DA:175,0
DA:183,0
DA:184,0
DA:185,0
DA:187,0
DA:189,0
DA:190,0
DA:191,0
DA:193,0
DA:194,0
DA:195,0
DA:196,0
DA:198,0
DA:199,0
DA:200,0
DA:203,0
DA:213,0
DA:220,0
DA:221,0
DA:223,0
DA:228,0
DA:230,0
DA:232,0
DA:233,0
DA:234,0
DA:237,0
DA:239,0
DA:240,0
DA:242,0
DA:245,0
DA:250,0
DA:251,0
DA:252,0
DA:253,0
DA:254,0
DA:262,0
LF:94
LH:0
BRDA:31,0,0,0
BRDA:87,1,0,0
BRDA:87,1,1,0
BRDA:87,2,0,0
BRDA:87,2,1,0
BRDA:104,3,0,0
BRDA:104,3,1,0
BRDA:194,4,0,0
BRDA:198,5,0,0
BRDA:199,6,0,0
BRDA:200,7,0,0
BRDA:200,8,0,0
BRDA:200,8,1,0
BRDA:232,9,0,0
BRDA:233,10,0,0
BRDA:234,11,0,0
BRDA:239,12,0,0
BRDA:240,13,0,0
BRDA:252,14,0,0
BRF:19
BRH:0
end_of_record
TN:
SF:src\cli\intent-analyzer.ts
FN:35,(anonymous_0)
FN:60,(anonymous_1)
FN:109,(anonymous_2)
FN:114,(anonymous_3)
FN:123,(anonymous_4)
FN:219,(anonymous_5)
FN:242,(anonymous_6)
FN:266,(anonymous_7)
FN:279,(anonymous_8)
FN:283,(anonymous_9)
FN:287,(anonymous_10)
FN:295,(anonymous_11)
FNF:12
FNH:11
FNDA:6,(anonymous_0)
FNDA:6,(anonymous_1)
FNDA:6,(anonymous_2)
FNDA:6,(anonymous_3)
FNDA:6,(anonymous_4)
FNDA:6,(anonymous_5)
FNDA:6,(anonymous_6)
FNDA:0,(anonymous_7)
FNDA:6,(anonymous_8)
FNDA:6,(anonymous_9)
FNDA:6,(anonymous_10)
FNDA:21,(anonymous_11)
DA:6,1
DA:32,1
DA:33,8
DA:36,6
DA:38,6
DA:40,6
DA:43,6
DA:46,6
DA:49,6
DA:51,6
DA:52,6
DA:55,0
DA:56,0
DA:61,6
DA:65,6
DA:111,6
DA:114,6
DA:117,6
DA:119,6
DA:120,6
DA:125,6
DA:126,6
DA:129,6
DA:130,1
DA:131,0
DA:142,1
DA:143,1
DA:155,0
DA:167,5
DA:168,1
DA:179,4
DA:180,2
DA:191,2
DA:192,1
DA:206,1
DA:220,6
DA:221,6
DA:224,6
DA:235,6
DA:237,0
DA:238,0
DA:243,6
DA:246,0
DA:248,0
DA:251,0
DA:253,0
DA:254,0
DA:258,0
DA:260,0
DA:263,0
DA:267,0
DA:280,6
DA:284,6
DA:288,6
DA:293,6
DA:295,21
DA:296,6
DA:300,1
LF:58
LH:43
BRDA:61,0,0,0
BRDA:61,0,1,6
BRDA:126,1,0,6
BRDA:126,1,1,0
BRDA:129,2,0,1
BRDA:129,2,1,5
BRDA:129,3,0,6
BRDA:129,3,1,6
BRDA:129,3,2,5
BRDA:130,4,0,0
BRDA:130,4,1,1
BRDA:142,5,0,1
BRDA:142,5,1,0
BRDA:142,6,0,1
BRDA:142,6,1,0
BRDA:142,6,2,0
BRDA:167,7,0,1
BRDA:167,7,1,4
BRDA:167,8,0,5
BRDA:167,8,1,4
BRDA:167,8,2,4
BRDA:179,9,0,2
BRDA:179,9,1,2
BRDA:179,10,0,4
BRDA:179,10,1,2
BRDA:179,10,2,2
BRDA:191,11,0,1
BRDA:191,12,0,2
BRDA:191,12,1,1
BRDA:191,12,2,1
BRDA:225,13,0,6
BRDA:225,13,1,0
BRDA:227,14,0,6
BRDA:227,14,1,0
BRDA:228,15,0,6
BRDA:228,15,1,0
BRDA:230,16,0,6
BRDA:230,16,1,0
BRDA:231,17,0,6
BRDA:231,17,1,0
BRDA:232,18,0,6
BRDA:232,18,1,0
BRDA:243,19,0,6
BRDA:246,20,0,0
BRDA:246,21,0,0
BRDA:246,21,1,0
BRDA:251,22,0,0
BRDA:251,23,0,0
BRDA:251,23,1,0
BRDA:253,24,0,0
BRDA:258,25,0,0
BRDA:258,26,0,0
BRDA:258,26,1,0
BRDA:280,27,0,6
BRDA:280,27,1,0
BRDA:284,28,0,6
BRDA:284,28,1,0
BRDA:293,29,0,0
BRDA:296,30,0,6
BRDA:296,30,1,0
BRF:60
BRH:34
end_of_record
TN:
SF:src\cli\quality-checker.ts
FN:97,(anonymous_9)
FN:105,(anonymous_10)
FN:126,(anonymous_11)
FN:132,(anonymous_12)
FN:177,(anonymous_13)
FN:185,(anonymous_14)
FN:185,(anonymous_15)
FN:204,(anonymous_16)
FN:205,(anonymous_17)
FN:214,(anonymous_18)
FN:218,(anonymous_19)
FN:224,(anonymous_20)
FN:237,(anonymous_21)
FN:248,(anonymous_22)
FN:276,(anonymous_23)
FN:304,(anonymous_24)
FN:305,(anonymous_25)
FN:314,(anonymous_26)
FN:318,(anonymous_27)
FN:324,(anonymous_28)
FN:336,(anonymous_29)
FN:349,(anonymous_30)
FN:361,(anonymous_31)
FN:380,(anonymous_32)
FN:381,(anonymous_33)
FN:382,(anonymous_34)
FN:383,(anonymous_35)
FN:399,(anonymous_36)
FN:403,(anonymous_37)
FN:454,(anonymous_38)
FN:468,(anonymous_39)
FN:514,(anonymous_40)
FN:566,(anonymous_41)
FN:589,(anonymous_42)
FN:622,(anonymous_43)
FN:659,(anonymous_44)
FN:660,(anonymous_45)
FN:660,(anonymous_46)
FN:686,(anonymous_47)
FN:731,(anonymous_48)
FN:742,(anonymous_49)
FN:752,(anonymous_50)
FN:757,(anonymous_51)
FN:768,(anonymous_52)
FN:778,(anonymous_53)
FN:810,(anonymous_54)
FN:811,(anonymous_55)
FN:827,(anonymous_56)
FN:863,(anonymous_57)
FN:886,(anonymous_58)
FN:895,(anonymous_59)
FN:917,(anonymous_60)
FN:932,(anonymous_61)
FN:949,(anonymous_62)
FN:966,(anonymous_63)
FN:970,(anonymous_64)
FN:978,(anonymous_65)
FN:986,(anonymous_66)
FN:996,(anonymous_67)
FN:1038,(anonymous_68)
FN:1039,(anonymous_69)
FN:1042,(anonymous_70)
FN:1052,(anonymous_71)
FN:1076,(anonymous_72)
FN:1086,(anonymous_73)
FN:1089,(anonymous_74)
FN:1103,(anonymous_75)
FN:1118,(anonymous_76)
FN:1177,(anonymous_77)
FN:1179,(anonymous_78)
FN:1190,(anonymous_79)
FN:1192,(anonymous_80)
FN:1203,(anonymous_81)
FN:1235,(anonymous_82)
FN:1250,(anonymous_83)
FN:1255,(anonymous_84)
FN:1266,(anonymous_85)
FN:1290,(anonymous_86)
FN:1301,(anonymous_87)
FN:1313,(anonymous_88)
FN:1325,(anonymous_89)
FN:1331,(anonymous_90)
FN:1335,(anonymous_91)
FN:1338,(anonymous_92)
FN:1359,(anonymous_93)
FNF:85
FNH:0
FNDA:0,(anonymous_9)
FNDA:0,(anonymous_10)
FNDA:0,(anonymous_11)
FNDA:0,(anonymous_12)
FNDA:0,(anonymous_13)
FNDA:0,(anonymous_14)
FNDA:0,(anonymous_15)
FNDA:0,(anonymous_16)
FNDA:0,(anonymous_17)
FNDA:0,(anonymous_18)
FNDA:0,(anonymous_19)
FNDA:0,(anonymous_20)
FNDA:0,(anonymous_21)
FNDA:0,(anonymous_22)
FNDA:0,(anonymous_23)
FNDA:0,(anonymous_24)
FNDA:0,(anonymous_25)
FNDA:0,(anonymous_26)
FNDA:0,(anonymous_27)
FNDA:0,(anonymous_28)
FNDA:0,(anonymous_29)
FNDA:0,(anonymous_30)
FNDA:0,(anonymous_31)
FNDA:0,(anonymous_32)
FNDA:0,(anonymous_33)
FNDA:0,(anonymous_34)
FNDA:0,(anonymous_35)
FNDA:0,(anonymous_36)
FNDA:0,(anonymous_37)
FNDA:0,(anonymous_38)
FNDA:0,(anonymous_39)
FNDA:0,(anonymous_40)
FNDA:0,(anonymous_41)
FNDA:0,(anonymous_42)
FNDA:0,(anonymous_43)
FNDA:0,(anonymous_44)
FNDA:0,(anonymous_45)
FNDA:0,(anonymous_46)
FNDA:0,(anonymous_47)
FNDA:0,(anonymous_48)
FNDA:0,(anonymous_49)
FNDA:0,(anonymous_50)
FNDA:0,(anonymous_51)
FNDA:0,(anonymous_52)
FNDA:0,(anonymous_53)
FNDA:0,(anonymous_54)
FNDA:0,(anonymous_55)
FNDA:0,(anonymous_56)
FNDA:0,(anonymous_57)
FNDA:0,(anonymous_58)
FNDA:0,(anonymous_59)
FNDA:0,(anonymous_60)
FNDA:0,(anonymous_61)
FNDA:0,(anonymous_62)
FNDA:0,(anonymous_63)
FNDA:0,(anonymous_64)
FNDA:0,(anonymous_65)
FNDA:0,(anonymous_66)
FNDA:0,(anonymous_67)
FNDA:0,(anonymous_68)
FNDA:0,(anonymous_69)
FNDA:0,(anonymous_70)
FNDA:0,(anonymous_71)
FNDA:0,(anonymous_72)
FNDA:0,(anonymous_73)
FNDA:0,(anonymous_74)
FNDA:0,(anonymous_75)
FNDA:0,(anonymous_76)
FNDA:0,(anonymous_77)
FNDA:0,(anonymous_78)
FNDA:0,(anonymous_79)
FNDA:0,(anonymous_80)
FNDA:0,(anonymous_81)
FNDA:0,(anonymous_82)
FNDA:0,(anonymous_83)
FNDA:0,(anonymous_84)
FNDA:0,(anonymous_85)
FNDA:0,(anonymous_86)
FNDA:0,(anonymous_87)
FNDA:0,(anonymous_88)
FNDA:0,(anonymous_89)
FNDA:0,(anonymous_90)
FNDA:0,(anonymous_91)
FNDA:0,(anonymous_92)
FNDA:0,(anonymous_93)
DA:6,0
DA:7,0
DA:8,0
DA:9,0
DA:10,0
DA:86,0
DA:87,0
DA:90,0
DA:98,0
DA:99,0
DA:107,0
DA:113,0
DA:114,0
DA:115,0
DA:117,0
DA:118,0
DA:120,0
DA:121,0
DA:124,0
DA:126,0
DA:133,0
DA:135,0
DA:137,0
DA:139,0
DA:147,0
DA:150,0
DA:153,0
DA:155,0
DA:166,0
DA:167,0
DA:169,0
DA:172,0
DA:173,0
DA:178,0
DA:180,0
DA:182,0
DA:184,0
DA:185,0
DA:187,0
DA:188,0
DA:191,0
DA:195,0
DA:205,0
DA:206,0
DA:211,0
DA:212,0
DA:214,0
DA:215,0
DA:218,0
DA:219,0
DA:222,0
DA:224,0
DA:225,0
DA:226,0
DA:227,0
DA:229,0
DA:237,0
DA:238,0
DA:249,0
DA:250,0
DA:251,0
DA:254,0
DA:255,0
DA:256,0
DA:257,0
DA:258,0
DA:260,0
DA:262,0
DA:268,0
DA:277,0
DA:279,0
DA:281,0
DA:282,0
DA:284,0
DA:285,0
DA:286,0
DA:287,0
DA:289,0
DA:293,0
DA:305,0
DA:306,0
DA:311,0
DA:312,0
DA:314,0
DA:315,0
DA:318,0
DA:319,0
DA:322,0
DA:324,0
DA:325,0
DA:327,0
DA:328,0
DA:329,0
DA:332,0
DA:336,0
DA:337,0
DA:351,0
DA:362,0
DA:364,0
DA:367,0
DA:368,0
DA:369,0
DA:370,0
DA:371,0
DA:372,0
DA:374,0
DA:380,0
DA:381,0
DA:382,0
DA:383,0
DA:385,0
DA:386,0
DA:387,0
DA:388,0
DA:389,0
DA:391,0
DA:393,0
DA:400,0
DA:401,0
DA:403,0
DA:404,0
DA:407,0
DA:408,0
DA:418,0
DA:419,0
DA:429,0
DA:430,0
DA:440,0
DA:441,0
DA:451,0
DA:455,0
DA:457,0
DA:458,0
DA:459,0
DA:461,0
DA:470,0
DA:471,0
DA:472,0
DA:473,0
DA:474,0
DA:476,0
DA:477,0
DA:478,0
DA:479,0
DA:482,0
DA:483,0
DA:484,0
DA:485,0
DA:486,0
DA:491,0
DA:492,0
DA:496,0
DA:501,0
DA:502,0
DA:504,0
DA:515,0
DA:516,0
DA:517,0
DA:518,0
DA:521,0
DA:522,0
DA:523,0
DA:524,0
DA:525,0
DA:527,0
DA:533,0
DA:534,0
DA:535,0
DA:536,0
DA:537,0
DA:540,0
DA:541,0
DA:544,0
DA:545,0
DA:547,0
DA:550,0
DA:555,0
DA:556,0
DA:558,0
DA:567,0
DA:570,0
DA:571,0
DA:574,0
DA:575,0
DA:576,0
DA:579,0
DA:580,0
DA:583,0
DA:584,0
DA:586,0
DA:590,0
DA:593,0
DA:596,0
DA:597,0
DA:598,0
DA:599,0
DA:601,0
DA:602,0
DA:607,0
DA:609,0
DA:610,0
DA:611,0
DA:612,0
DA:614,0
DA:615,0
DA:619,0
DA:627,0
DA:628,0
DA:630,0
DA:632,0
DA:633,0
DA:636,0
DA:637,0
DA:639,0
DA:641,0
DA:642,0
DA:645,0
DA:647,0
DA:648,0
DA:649,0
DA:650,0
DA:656,0
DA:660,0
DA:661,0
DA:662,0
DA:665,0
DA:666,0
DA:667,0
DA:669,0
DA:672,0
DA:673,0
DA:675,0
DA:676,0
DA:677,0
DA:678,0
DA:683,0
DA:687,0
DA:690,0
DA:701,0
DA:702,0
DA:704,0
DA:705,0
DA:708,0
DA:709,0
DA:711,0
DA:713,0
DA:714,0
DA:715,0
DA:717,0
DA:718,0
DA:719,0
DA:723,0
DA:728,0
DA:732,0
DA:743,0
DA:753,0
DA:754,0
DA:757,0
DA:758,0
DA:759,0
DA:760,0
DA:762,0
DA:765,0
DA:766,0
DA:768,0
DA:769,0
DA:771,0
DA:782,0
DA:783,0
DA:786,0
DA:788,0
DA:790,0
DA:793,0
DA:796,0
DA:797,0
DA:798,0
DA:804,0
DA:810,0
DA:811,0
DA:813,0
DA:815,0
DA:816,0
DA:819,0
DA:822,0
DA:823,0
DA:828,0
DA:829,0
DA:832,0
DA:835,0
DA:836,0
DA:837,0
DA:838,0
DA:841,0
DA:842,0
DA:843,0
DA:844,0
DA:846,0
DA:856,0
DA:858,0
DA:859,0
DA:860,0
DA:863,0
DA:864,0
DA:869,0
DA:870,0
DA:871,0
DA:872,0
DA:873,0
DA:875,0
DA:886,0
DA:887,0
DA:888,0
DA:889,0
DA:892,0
DA:896,0
DA:899,0
DA:902,0
DA:903,0
DA:906,0
DA:907,0
DA:910,0
DA:911,0
DA:913,0
DA:914,0
DA:917,0
DA:918,0
DA:919,0
DA:929,0
DA:933,0
DA:934,0
DA:936,0
DA:937,0
DA:938,0
DA:939,0
DA:940,0
DA:941,0
DA:943,0
DA:946,0
DA:950,0
DA:952,0
DA:961,0
DA:964,0
DA:966,0
DA:971,0
DA:978,0
DA:988,0
DA:989,0
DA:991,0
DA:998,0
DA:1001,0
DA:1004,0
DA:1016,0
DA:1017,0
DA:1018,0
DA:1019,0
DA:1020,0
DA:1021,0
DA:1022,0
DA:1025,0
DA:1026,0
DA:1027,0
DA:1031,0
DA:1032,0
DA:1033,0
DA:1034,0
DA:1038,0
DA:1039,0
DA:1043,0
DA:1044,0
DA:1045,0
DA:1046,0
DA:1047,0
DA:1049,0
DA:1057,0
DA:1059,0
DA:1068,0
DA:1071,0
DA:1072,0
DA:1082,0
DA:1086,0
DA:1089,0
DA:1090,0
DA:1092,0
DA:1093,0
DA:1100,0
DA:1107,0
DA:1109,0
DA:1110,0
DA:1111,0
DA:1112,0
DA:1114,0
DA:1119,0
DA:1120,0
DA:1121,0
DA:1123,0
DA:1124,0
DA:1125,0
DA:1126,0
DA:1129,0
DA:1130,0
DA:1133,0
DA:1134,0
DA:1137,0
DA:1138,0
DA:1142,0
DA:1143,0
DA:1146,0
DA:1147,0
DA:1151,0
DA:1157,0
DA:1158,0
DA:1161,0
DA:1162,0
DA:1165,0
DA:1166,0
DA:1169,0
DA:1178,0
DA:1179,0
DA:1181,0
DA:1182,0
DA:1183,0
DA:1187,0
DA:1191,0
DA:1192,0
DA:1194,0
DA:1195,0
DA:1196,0
DA:1200,0
DA:1204,0
DA:1205,0
DA:1206,0
DA:1207,0
DA:1209,0
DA:1210,0
DA:1211,0
DA:1213,0
DA:1214,0
DA:1215,0
DA:1216,0
DA:1222,0
DA:1225,0
DA:1237,0
DA:1238,0
DA:1240,0
DA:1252,0
DA:1256,0
DA:1272,0
DA:1275,0
DA:1278,0
DA:1279,0
DA:1282,0
DA:1285,0
DA:1287,0
DA:1298,0
DA:1301,0
DA:1302,0
DA:1305,0
DA:1308,0
DA:1310,0
DA:1319,0
DA:1320,0
DA:1323,0
DA:1324,0
DA:1325,0
DA:1329,0
DA:1330,0
DA:1331,0
DA:1335,0
DA:1336,0
DA:1337,0
DA:1338,0
DA:1342,0
DA:1343,0
DA:1346,0
DA:1347,0
DA:1350,0
DA:1351,0
DA:1354,0
DA:1356,0
DA:1360,0
DA:1408,0
LF:481
LH:0
BRDA:98,0,0,0
BRDA:98,0,1,0
BRDA:99,1,0,0
BRDA:99,1,1,0
BRDA:108,2,0,0
BRDA:108,2,1,0
BRDA:109,3,0,0
BRDA:109,3,1,0
BRDA:110,4,0,0
BRDA:110,4,1,0
BRDA:114,5,0,0
BRDA:117,6,0,0
BRDA:120,7,0,0
BRDA:167,8,0,0
BRDA:167,8,1,0
BRDA:187,9,0,0
BRDA:187,9,1,0
BRDA:256,10,0,0
BRDA:256,11,0,0
BRDA:256,11,1,0
BRDA:284,12,0,0
BRDA:284,12,1,0
BRDA:284,13,0,0
BRDA:284,13,1,0
BRDA:286,14,0,0
BRDA:286,14,1,0
BRDA:286,15,0,0
BRDA:286,15,1,0
BRDA:407,16,0,0
BRDA:418,17,0,0
BRDA:418,18,0,0
BRDA:418,18,1,0
BRDA:429,19,0,0
BRDA:429,20,0,0
BRDA:429,20,1,0
BRDA:440,21,0,0
BRDA:483,22,0,0
BRDA:484,23,0,0
BRDA:484,23,1,0
BRDA:485,24,0,0
BRDA:491,25,0,0
BRDA:537,26,0,0
BRDA:540,27,0,0
BRDA:540,27,1,0
BRDA:555,28,0,0
BRDA:555,28,1,0
BRDA:556,29,0,0
BRDA:556,29,1,0
BRDA:601,30,0,0
BRDA:614,31,0,0
BRDA:614,32,0,0
BRDA:614,32,1,0
BRDA:630,33,0,0
BRDA:637,34,0,0
BRDA:647,35,0,0
BRDA:669,36,0,0
BRDA:673,37,0,0
BRDA:676,38,0,0
BRDA:709,39,0,0
BRDA:717,40,0,0
BRDA:723,41,0,0
BRDA:753,42,0,0
BRDA:754,43,0,0
BRDA:754,44,0,0
BRDA:754,44,1,0
BRDA:797,45,0,0
BRDA:811,46,0,0
BRDA:811,46,1,0
BRDA:815,47,0,0
BRDA:842,48,0,0
BRDA:864,49,0,0
BRDA:864,49,1,0
BRDA:864,49,2,0
BRDA:869,50,0,0
BRDA:871,51,0,0
BRDA:906,52,0,0
BRDA:913,53,0,0
BRDA:917,54,0,0
BRDA:917,54,1,0
BRDA:918,55,0,0
BRDA:936,56,0,0
BRDA:936,56,1,0
BRDA:938,57,0,0
BRDA:938,57,1,0
BRDA:940,58,0,0
BRDA:946,59,0,0
BRDA:946,59,1,0
BRDA:988,60,0,0
BRDA:1007,61,0,0
BRDA:1007,61,1,0
BRDA:1010,62,0,0
BRDA:1010,62,1,0
BRDA:1016,63,0,0
BRDA:1016,63,1,0
BRDA:1017,64,0,0
BRDA:1017,64,1,0
BRDA:1018,65,0,0
BRDA:1018,65,1,0
BRDA:1019,66,0,0
BRDA:1019,66,1,0
BRDA:1020,67,0,0
BRDA:1020,67,1,0
BRDA:1039,68,0,0
BRDA:1039,68,1,0
BRDA:1092,69,0,0
BRDA:1109,70,0,0
BRDA:1109,70,1,0
BRDA:1111,71,0,0
BRDA:1111,71,1,0
BRDA:1129,72,0,0
BRDA:1129,73,0,0
BRDA:1129,73,1,0
BRDA:1133,74,0,0
BRDA:1133,75,0,0
BRDA:1133,75,1,0
BRDA:1137,76,0,0
BRDA:1137,77,0,0
BRDA:1137,77,1,0
BRDA:1142,78,0,0
BRDA:1142,79,0,0
BRDA:1142,79,1,0
BRDA:1142,79,2,0
BRDA:1146,80,0,0
BRDA:1146,81,0,0
BRDA:1146,81,1,0
BRDA:1157,82,0,0
BRDA:1161,83,0,0
BRDA:1165,84,0,0
BRDA:1182,85,0,0
BRDA:1195,86,0,0
BRDA:1204,87,0,0
BRDA:1204,87,1,0
BRDA:1210,88,0,0
BRDA:1210,88,1,0
BRDA:1211,89,0,0
BRDA:1211,89,1,0
BRDA:1213,90,0,0
BRDA:1215,91,0,0
BRDA:1222,92,0,0
BRDA:1222,92,1,0
BRDA:1241,93,0,0
BRDA:1241,93,1,0
BRDA:1242,94,0,0
BRDA:1242,94,1,0
BRDA:1275,95,0,0
BRDA:1275,95,1,0
BRDA:1278,96,0,0
BRDA:1278,96,1,0
BRDA:1298,97,0,0
BRDA:1302,98,0,0
BRDA:1305,99,0,0
BRDA:1308,100,0,0
BRDA:1323,101,0,0
BRDA:1329,102,0,0
BRDA:1336,103,0,0
BRDA:1342,104,0,0
BRDA:1346,105,0,0
BRDA:1350,106,0,0
BRF:158
BRH:0
end_of_record
TN:
SF:src\cli\task-splitter.ts
FN:54,(anonymous_0)
FN:90,(anonymous_1)
FN:93,(anonymous_2)
FN:97,(anonymous_3)
FN:192,(anonymous_4)
FN:221,(anonymous_5)
FN:461,(anonymous_6)
FN:484,(anonymous_7)
FN:489,(anonymous_8)
FN:505,(anonymous_9)
FN:510,(anonymous_10)
FN:514,(anonymous_11)
FN:516,(anonymous_12)
FN:526,(anonymous_13)
FN:541,(anonymous_14)
FN:543,(anonymous_15)
FN:545,(anonymous_16)
FN:546,(anonymous_17)
FN:547,(anonymous_18)
FN:566,(anonymous_19)
FN:572,(anonymous_20)
FN:573,(anonymous_21)
FN:582,(anonymous_22)
FN:593,(anonymous_23)
FN:599,(anonymous_24)
FN:600,(anonymous_25)
FN:610,(anonymous_26)
FN:626,(anonymous_27)
FNF:28
FNH:0
FNDA:0,(anonymous_0)
FNDA:0,(anonymous_1)
FNDA:0,(anonymous_2)
FNDA:0,(anonymous_3)
FNDA:0,(anonymous_4)
FNDA:0,(anonymous_5)
FNDA:0,(anonymous_6)
FNDA:0,(anonymous_7)
FNDA:0,(anonymous_8)
FNDA:0,(anonymous_9)
FNDA:0,(anonymous_10)
FNDA:0,(anonymous_11)
FNDA:0,(anonymous_12)
FNDA:0,(anonymous_13)
FNDA:0,(anonymous_14)
FNDA:0,(anonymous_15)
FNDA:0,(anonymous_16)
FNDA:0,(anonymous_17)
FNDA:0,(anonymous_18)
FNDA:0,(anonymous_19)
FNDA:0,(anonymous_20)
FNDA:0,(anonymous_21)
FNDA:0,(anonymous_22)
FNDA:0,(anonymous_23)
FNDA:0,(anonymous_24)
FNDA:0,(anonymous_25)
FNDA:0,(anonymous_26)
FNDA:0,(anonymous_27)
DA:6,0
DA:9,0
DA:50,0
DA:51,0
DA:52,0
DA:59,0
DA:61,0
DA:63,0
DA:70,0
DA:73,0
DA:76,0
DA:79,0
DA:81,0
DA:82,0
DA:85,0
DA:86,0
DA:91,0
DA:93,0
DA:94,0
DA:97,0
DA:98,0
DA:101,0
DA:193,0
DA:195,0
DA:197,0
DA:206,0
DA:207,0
DA:208,0
DA:211,0
DA:212,0
DA:215,0
DA:217,0
DA:223,0
DA:224,0
DA:226,0
DA:227,0
DA:229,0
DA:230,0
DA:233,0
DA:234,0
DA:304,0
DA:305,0
DA:361,0
DA:362,0
DA:419,0
DA:462,0
DA:463,0
DA:466,0
DA:477,0
DA:479,0
DA:480,0
DA:485,0
DA:486,0
DA:489,0
DA:506,0
DA:507,0
DA:511,0
DA:516,0
DA:518,0
DA:519,0
DA:522,0
DA:526,0
DA:527,0
DA:528,0
DA:529,0
DA:530,0
DA:532,0
DA:533,0
DA:538,0
DA:543,0
DA:545,0
DA:546,0
DA:547,0
DA:553,0
DA:554,0
DA:557,0
DA:561,0
DA:562,0
DA:563,0
DA:566,0
DA:572,0
DA:573,0
DA:579,0
DA:587,0
DA:588,0
DA:590,0
DA:593,0
DA:599,0
DA:600,0
DA:606,0
DA:607,0
DA:610,0
DA:623,0
DA:627,0
DA:653,0
LF:95
LH:0
BRDA:201,0,0,0
BRDA:201,0,1,0
BRDA:206,1,0,0
BRDA:224,2,0,0
BRDA:224,2,1,0
BRDA:227,3,0,0
BRDA:227,3,1,0
BRDA:230,4,0,0
BRDA:230,4,1,0
BRDA:233,5,0,0
BRDA:233,6,0,0
BRDA:233,6,1,0
BRDA:233,6,2,0
BRDA:233,6,3,0
BRDA:304,7,0,0
BRDA:304,8,0,0
BRDA:304,8,1,0
BRDA:361,9,0,0
BRDA:361,10,0,0
BRDA:361,10,1,0
BRDA:361,10,2,0
BRDA:467,11,0,0
BRDA:467,11,1,0
BRDA:468,12,0,0
BRDA:468,12,1,0
BRDA:470,13,0,0
BRDA:470,13,1,0
BRDA:472,14,0,0
BRDA:472,14,1,0
BRDA:473,15,0,0
BRDA:473,15,1,0
BRDA:485,16,0,0
BRDA:485,17,0,0
BRDA:485,17,1,0
BRDA:490,18,0,0
BRDA:490,18,1,0
BRDA:491,19,0,0
BRDA:491,19,1,0
BRDA:492,20,0,0
BRDA:492,20,1,0
BRDA:493,21,0,0
BRDA:493,21,1,0
BRDA:494,22,0,0
BRDA:494,22,1,0
BRDA:495,23,0,0
BRDA:495,23,1,0
BRDA:498,24,0,0
BRDA:498,24,1,0
BRDA:498,25,0,0
BRDA:498,25,1,0
BRDA:499,26,0,0
BRDA:499,26,1,0
BRDA:500,27,0,0
BRDA:500,27,1,0
BRDA:507,28,0,0
BRDA:507,28,1,0
BRDA:511,29,0,0
BRDA:511,29,1,0
BRDA:518,30,0,0
BRDA:519,31,0,0
BRDA:532,32,0,0
BRDA:546,33,0,0
BRDA:546,33,1,0
BRDA:546,33,2,0
BRDA:546,33,3,0
BRDA:546,33,4,0
BRDA:553,34,0,0
BRDA:553,35,0,0
BRDA:553,35,1,0
BRDA:553,35,2,0
BRDA:557,36,0,0
BRDA:557,36,1,0
BRDA:561,37,0,0
BRDA:568,38,0,0
BRDA:568,38,1,0
BRDA:597,39,0,0
BRDA:597,39,1,0
BRDA:597,40,0,0
BRDA:597,40,1,0
BRDA:606,41,0,0
BRDA:606,42,0,0
BRDA:606,42,1,0
BRF:82
BRH:0
end_of_record
TN:
SF:src\cli\analyzers\change-analyzer.ts
FN:11,(anonymous_0)
FNF:1
FNH:0
FNDA:0,(anonymous_0)
DA:5,0
DA:6,0
DA:8,0
DA:10,0
DA:12,0
DA:13,0
DA:14,0
DA:16,0
LF:8
LH:0
BRF:0
BRH:0
end_of_record
TN:
SF:src\cli\analyzers\configuration-analyzer.ts
FN:9,(anonymous_9)
FN:20,(anonymous_10)
FN:20,(anonymous_11)
FNF:3
FNH:0
FNDA:0,(anonymous_9)
FNDA:0,(anonymous_10)
FNDA:0,(anonymous_11)
DA:5,0
DA:6,0
DA:8,0
DA:10,0
DA:12,0
DA:17,0
DA:18,0
DA:19,0
DA:20,0
DA:21,0
DA:22,0
DA:29,0
LF:12
LH:0
BRDA:20,0,0,0
BRDA:29,1,0,0
BRDA:29,1,1,0
BRF:3
BRH:0
end_of_record
TN:
SF:src\cli\analyzers\documentation-analyzer.ts
FN:9,(anonymous_9)
FNF:1
FNH:0
FNDA:0,(anonymous_9)
DA:5,0
DA:6,0
DA:8,0
DA:10,0
DA:12,0
DA:13,0
DA:14,0
DA:15,0
DA:16,0
DA:18,0
DA:22,0
LF:11
LH:0
BRF:0
BRH:0
end_of_record
TN:
SF:src\cli\analyzers\project-structure-analyzer.ts
FN:6,(anonymous_9)
FN:8,(anonymous_10)
FN:18,(anonymous_11)
FN:19,(anonymous_12)
FN:20,(anonymous_13)
FNF:5
FNH:0
FNDA:0,(anonymous_9)
FNDA:0,(anonymous_10)
FNDA:0,(anonymous_11)
FNDA:0,(anonymous_12)
FNDA:0,(anonymous_13)
DA:5,0
DA:7,0
DA:8,0
DA:10,0
DA:17,0
DA:18,0
DA:19,0
DA:20,0
DA:24,0
DA:31,0
LF:10
LH:0
BRF:0
BRH:0
end_of_record
TN:
SF:src\cli\commands\reconcile.ts
FN:14,createReconcileCommand
FN:26,(anonymous_11)
FN:53,(anonymous_12)
FN:128,getProjectId
FN:135,(anonymous_14)
FN:149,(anonymous_15)
FN:159,displayReconciliationResults
FN:176,(anonymous_17)
FN:177,(anonymous_18)
FN:184,(anonymous_19)
FNF:10
FNH:0
FNDA:0,createReconcileCommand
FNDA:0,(anonymous_11)
FNDA:0,(anonymous_12)
FNDA:0,getProjectId
FNDA:0,(anonymous_14)
FNDA:0,(anonymous_15)
FNDA:0,displayReconciliationResults
FNDA:0,(anonymous_17)
FNDA:0,(anonymous_18)
FNDA:0,(anonymous_19)
DA:7,0
DA:8,0
DA:9,0
DA:10,0
DA:12,0
DA:14,0
DA:15,0
DA:17,0
DA:27,0
DA:28,0
DA:29,0
DA:32,0
DA:33,0
DA:36,0
DA:37,0
DA:38,0
DA:39,0
DA:42,0
DA:45,0
DA:46,0
DA:47,0
DA:48,0
DA:52,0
DA:53,0
DA:56,0
DA:57,0
DA:58,0
DA:62,0
DA:63,0
DA:64,0
DA:68,0
DA:70,0
DA:72,0
DA:77,0
DA:80,0
DA:81,0
DA:82,0
DA:83,0
DA:85,0
DA:91,0
DA:94,0
DA:100,0
DA:103,0
DA:113,0
DA:116,0
DA:117,0
DA:118,0
DA:122,0
DA:129,0
DA:130,0
DA:134,0
DA:135,0
DA:136,0
DA:141,0
DA:142,0
DA:145,0
DA:149,0
DA:150,0
DA:151,0
DA:153,0
DA:160,0
DA:161,0
DA:162,0
DA:163,0
DA:164,0
DA:166,0
DA:167,0
DA:168,0
DA:169,0
DA:170,0
DA:171,0
DA:173,0
DA:174,0
DA:175,0
DA:176,0
DA:178,0
DA:182,0
DA:183,0
DA:184,0
DA:185,0
DA:193,0
DA:194,0
DA:195,0
DA:197,0
DA:198,0
DA:204,0
DA:205,0
DA:206,0
DA:207,0
DA:208,0
DA:211,0
DA:212,0
DA:213,0
DA:215,0
DA:219,0
DA:220,0
LF:96
LH:0
BRDA:28,0,0,0
BRDA:37,1,0,0
BRDA:46,2,0,0
BRDA:52,3,0,0
BRDA:52,3,1,0
BRDA:56,4,0,0
BRDA:56,5,0,0
BRDA:56,5,1,0
BRDA:63,6,0,0
BRDA:70,7,0,0
BRDA:70,7,1,0
BRDA:70,7,2,0
BRDA:70,7,3,0
BRDA:81,8,0,0
BRDA:81,9,0,0
BRDA:81,9,1,0
BRDA:117,10,0,0
BRDA:117,10,1,0
BRDA:129,11,0,0
BRDA:141,12,0,0
BRDA:159,13,0,0
BRDA:164,14,0,0
BRDA:164,14,1,0
BRDA:173,15,0,0
BRDA:182,16,0,0
BRDA:182,17,0,0
BRDA:182,17,1,0
BRDA:185,18,0,0
BRDA:185,18,1,0
BRDA:194,19,0,0
BRDA:197,20,0,0
BRDA:204,21,0,0
BRDA:204,21,1,0
BRDA:205,22,0,0
BRDA:205,22,1,0
BRDA:207,23,0,0
BRDA:212,24,0,0
BRDA:212,24,1,0
BRF:38
BRH:0
end_of_record
TN:
SF:src\cli\commands\semantic-search.ts
FN:15,createSemanticSearchCommand
FN:28,(anonymous_11)
FN:85,(anonymous_12)
FN:114,(anonymous_13)
FN:153,getProjectId
FN:161,(anonymous_15)
FN:174,displaySearchResults
FN:183,(anonymous_17)
FNF:8
FNH:0
FNDA:0,createSemanticSearchCommand
FNDA:0,(anonymous_11)
FNDA:0,(anonymous_12)
FNDA:0,(anonymous_13)
FNDA:0,getProjectId
FNDA:0,(anonymous_15)
FNDA:0,displaySearchResults
FNDA:0,(anonymous_17)
DA:7,0
DA:8,0
DA:9,0
DA:10,0
DA:11,0
DA:13,0
DA:15,0
DA:16,0
DA:18,0
DA:29,0
DA:30,0
DA:31,0
DA:34,0
DA:35,0
DA:38,0
DA:39,0
DA:40,0
DA:41,0
DA:44,0
DA:47,0
DA:49,0
DA:51,0
DA:53,0
DA:57,0
DA:59,0
DA:60,0
DA:66,0
DA:67,0
DA:68,0
DA:69,0
DA:70,0
DA:73,0
DA:77,0
DA:78,0
DA:79,0
DA:80,0
DA:81,0
DA:83,0
DA:84,0
DA:85,0
DA:86,0
DA:90,0
DA:92,0
DA:94,0
DA:96,0
DA:104,0
DA:107,0
DA:108,0
DA:114,0
DA:120,0
DA:121,0
DA:122,0
DA:124,0
DA:128,0
DA:129,0
DA:133,0
DA:134,0
DA:135,0
DA:136,0
DA:137,0
DA:141,0
DA:142,0
DA:143,0
DA:147,0
DA:154,0
DA:155,0
DA:159,0
DA:161,0
DA:162,0
DA:163,0
DA:165,0
DA:168,0
DA:175,0
DA:177,0
DA:178,0
DA:179,0
DA:180,0
DA:183,0
DA:184,0
DA:185,0
DA:186,0
DA:187,0
DA:189,0
DA:190,0
DA:191,0
DA:192,0
DA:194,0
DA:195,0
DA:200,0
DA:201,0
DA:202,0
DA:203,0
LF:92
LH:0
BRDA:30,0,0,0
BRDA:39,1,0,0
BRDA:49,2,0,0
BRDA:49,2,1,0
BRDA:57,3,0,0
BRDA:57,4,0,0
BRDA:57,4,1,0
BRDA:59,5,0,0
BRDA:59,5,1,0
BRDA:66,6,0,0
BRDA:66,6,1,0
BRDA:69,7,0,0
BRDA:83,8,0,0
BRDA:83,9,0,0
BRDA:83,9,1,0
BRDA:90,10,0,0
BRDA:90,10,1,0
BRDA:107,11,0,0
BRDA:107,11,1,0
BRDA:114,12,0,0
BRDA:114,12,1,0
BRDA:120,13,0,0
BRDA:120,13,1,0
BRDA:128,14,0,0
BRDA:128,14,1,0
BRDA:142,15,0,0
BRDA:142,15,1,0
BRDA:154,16,0,0
BRDA:174,17,0,0
BRDA:177,18,0,0
BRDA:189,19,0,0
BRDA:192,20,0,0
BRDA:192,20,1,0
BRDA:194,21,0,0
BRF:34
BRH:0
end_of_record
TN:
SF:src\cli\features\centralization\detector.ts
FN:104,(anonymous_9)
FN:119,(anonymous_10)
FN:126,(anonymous_11)
FN:135,(anonymous_12)
FN:142,(anonymous_13)
FN:149,(anonymous_14)
FN:198,(anonymous_15)
FN:202,(anonymous_16)
FN:284,(anonymous_17)
FN:295,(anonymous_18)
FN:296,(anonymous_19)
FN:297,(anonymous_20)
FN:311,(anonymous_21)
FN:312,(anonymous_22)
FN:313,(anonymous_23)
FN:326,(anonymous_24)
FN:327,(anonymous_25)
FN:328,(anonymous_26)
FN:339,(anonymous_27)
FN:343,(anonymous_28)
FN:344,(anonymous_29)
FN:355,(anonymous_30)
FN:359,(anonymous_31)
FN:360,(anonymous_32)
FN:372,(anonymous_33)
FN:373,(anonymous_34)
FN:374,(anonymous_35)
FN:379,(anonymous_36)
FN:403,(anonymous_37)
FN:410,(anonymous_38)
FN:444,(anonymous_39)
FN:448,(anonymous_40)
FN:456,(anonymous_41)
FN:471,(anonymous_42)
FN:483,(anonymous_43)
FN:524,(anonymous_44)
FN:546,(anonymous_45)
FN:573,(anonymous_46)
FN:590,(anonymous_47)
FN:612,(anonymous_48)
FN:617,(anonymous_49)
FN:621,(anonymous_50)
FN:622,(anonymous_51)
FN:623,(anonymous_52)
FN:625,(anonymous_53)
FN:628,(anonymous_54)
FN:630,(anonymous_55)
FN:633,(anonymous_56)
FN:635,(anonymous_57)
FN:642,(anonymous_58)
FN:649,(anonymous_59)
FN:653,(anonymous_60)
FN:677,(anonymous_61)
FN:684,(anonymous_62)
FN:688,(anonymous_63)
FN:713,(anonymous_64)
FN:727,(anonymous_65)
FN:730,(anonymous_66)
FN:757,(anonymous_67)
FN:760,(anonymous_68)
FN:773,(anonymous_69)
FN:864,(anonymous_70)
FN:866,(anonymous_71)
FN:887,(anonymous_72)
FN:906,(anonymous_73)
FN:907,(anonymous_74)
FN:918,(anonymous_75)
FN:978,(anonymous_76)
FN:993,(anonymous_77)
FN:1002,(anonymous_78)
FN:1003,(anonymous_79)
FN:1004,(anonymous_80)
FN:1005,(anonymous_81)
FN:1009,(anonymous_82)
FN:1024,(anonymous_83)
FN:1026,(anonymous_84)
FN:1032,(anonymous_85)
FN:1045,(anonymous_86)
FN:1047,(anonymous_87)
FN:1061,(anonymous_88)
FN:1082,(anonymous_89)
FN:1098,(anonymous_90)
FN:1102,(anonymous_91)
FN:1108,(anonymous_92)
FN:1109,(anonymous_93)
FN:1112,(anonymous_94)
FN:1133,(anonymous_95)
FN:1178,(anonymous_96)
FN:1181,(anonymous_97)
FN:1189,(anonymous_98)
FN:1192,(anonymous_99)
FN:1200,(anonymous_100)
FN:1203,(anonymous_101)
FN:1214,(anonymous_102)
FN:1218,(anonymous_103)
FN:1230,(anonymous_104)
FN:1243,(anonymous_105)
FN:1247,(anonymous_106)
FN:1274,(anonymous_107)
FN:1285,(anonymous_108)
FN:1305,(anonymous_109)
FN:1327,(anonymous_110)
FN:1349,(anonymous_111)
FNF:103
FNH:0
FNDA:0,(anonymous_9)
FNDA:0,(anonymous_10)
FNDA:0,(anonymous_11)
FNDA:0,(anonymous_12)
FNDA:0,(anonymous_13)
FNDA:0,(anonymous_14)
FNDA:0,(anonymous_15)
FNDA:0,(anonymous_16)
FNDA:0,(anonymous_17)
FNDA:0,(anonymous_18)
FNDA:0,(anonymous_19)
FNDA:0,(anonymous_20)
FNDA:0,(anonymous_21)
FNDA:0,(anonymous_22)
FNDA:0,(anonymous_23)
FNDA:0,(anonymous_24)
FNDA:0,(anonymous_25)
FNDA:0,(anonymous_26)
FNDA:0,(anonymous_27)
FNDA:0,(anonymous_28)
FNDA:0,(anonymous_29)
FNDA:0,(anonymous_30)
FNDA:0,(anonymous_31)
FNDA:0,(anonymous_32)
FNDA:0,(anonymous_33)
FNDA:0,(anonymous_34)
FNDA:0,(anonymous_35)
FNDA:0,(anonymous_36)
FNDA:0,(anonymous_37)
FNDA:0,(anonymous_38)
FNDA:0,(anonymous_39)
FNDA:0,(anonymous_40)
FNDA:0,(anonymous_41)
FNDA:0,(anonymous_42)
FNDA:0,(anonymous_43)
FNDA:0,(anonymous_44)
FNDA:0,(anonymous_45)
FNDA:0,(anonymous_46)
FNDA:0,(anonymous_47)
FNDA:0,(anonymous_48)
FNDA:0,(anonymous_49)
FNDA:0,(anonymous_50)
FNDA:0,(anonymous_51)
FNDA:0,(anonymous_52)
FNDA:0,(anonymous_53)
FNDA:0,(anonymous_54)
FNDA:0,(anonymous_55)
FNDA:0,(anonymous_56)
FNDA:0,(anonymous_57)
FNDA:0,(anonymous_58)
FNDA:0,(anonymous_59)
FNDA:0,(anonymous_60)
FNDA:0,(anonymous_61)
[...]
FN:304,(anonymous_19)
FN:314,(anonymous_20)
FN:328,(anonymous_21)
FN:331,(anonymous_22)
FN:363,(anonymous_23)
FN:367,(anonymous_24)
FN:377,(anonymous_25)
FN:393,(anonymous_26)
FN:399,(anonymous_27)
FN:417,(anonymous_28)
FN:431,(anonymous_29)
FN:437,(anonymous_30)
FN:462,(anonymous_31)
FN:466,(anonymous_32)
FN:481,(anonymous_33)
FN:487,(anonymous_34)
FN:493,(anonymous_35)
FN:503,(anonymous_36)
FN:517,(anonymous_37)
FN:527,(anonymous_38)
FN:532,(anonymous_39)
FN:533,(anonymous_40)
FN:536,(anonymous_41)
FN:537,(anonymous_42)
FN:540,(anonymous_43)
FN:541,(anonymous_44)
FN:548,(anonymous_45)
FN:549,(anonymous_46)
FN:552,(anonymous_47)
FNF:38
FNH:0
FNDA:0,(anonymous_10)
FNDA:0,(anonymous_11)
FNDA:0,(anonymous_12)
FNDA:0,(anonymous_13)
FNDA:0,(anonymous_14)
FNDA:0,(anonymous_15)
FNDA:0,(anonymous_16)
FNDA:0,(anonymous_17)
FNDA:0,(anonymous_18)
FNDA:0,(anonymous_19)
FNDA:0,(anonymous_20)
FNDA:0,(anonymous_21)
FNDA:0,(anonymous_22)
FNDA:0,(anonymous_23)
FNDA:0,(anonymous_24)
FNDA:0,(anonymous_25)
FNDA:0,(anonymous_26)
FNDA:0,(anonymous_27)
FNDA:0,(anonymous_28)
FNDA:0,(anonymous_29)
FNDA:0,(anonymous_30)
FNDA:0,(anonymous_31)
FNDA:0,(anonymous_32)
FNDA:0,(anonymous_33)
FNDA:0,(anonymous_34)
FNDA:0,(anonymous_35)
FNDA:0,(anonymous_36)
FNDA:0,(anonymous_37)
FNDA:0,(anonymous_38)
FNDA:0,(anonymous_39)
FNDA:0,(anonymous_40)
FNDA:0,(anonymous_41)
FNDA:0,(anonymous_42)
FNDA:0,(anonymous_43)
FNDA:0,(anonymous_44)
FNDA:0,(anonymous_45)
FNDA:0,(anonymous_46)
FNDA:0,(anonymous_47)
DA:1,1
DA:2,1
DA:3,1
DA:4,1
DA:5,1
DA:6,1
DA:7,1
DA:88,1
DA:89,10
DA:92,0
DA:93,0
DA:94,0
DA:96,0
DA:99,0
DA:101,0
DA:103,0
DA:106,0
DA:107,0
DA:112,0
DA:113,0
DA:121,0
DA:125,0
DA:134,0
DA:136,0
DA:144,0
DA:147,0
DA:150,0
DA:153,0
DA:157,0
DA:158,0
DA:182,0
DA:183,0
DA:184,0
DA:187,0
DA:194,0
DA:200,0
DA:214,0
DA:216,0
DA:218,0
DA:219,0
DA:231,0
DA:232,0
DA:240,0
DA:241,0
DA:242,0
DA:254,0
DA:255,0
DA:264,0
DA:265,0
DA:274,0
DA:275,0
DA:282,0
DA:285,0
DA:286,0
DA:290,0
DA:292,0
DA:294,0
DA:295,0
DA:305,0
DA:306,0
DA:315,0
DA:316,0
DA:325,0
DA:329,0
DA:331,0
DA:333,0
DA:334,0
DA:335,0
DA:345,0
DA:346,0
DA:347,0
DA:356,0
DA:359,0
DA:360,0
DA:364,0
DA:366,0
DA:368,0
DA:378,0
DA:379,0
DA:390,0
DA:394,0
DA:395,0
DA:396,0
DA:397,0
DA:399,0
DA:400,0
DA:403,0
DA:409,0
DA:413,0
DA:414,0
DA:417,0
DA:420,0
DA:422,0
DA:432,0
DA:433,0
DA:434,0
DA:436,0
DA:438,0
DA:444,0
DA:447,0
DA:448,0
DA:453,0
DA:463,0
DA:466,0
DA:467,0
DA:468,0
DA:469,0
DA:473,0
DA:474,0
DA:475,0
DA:478,0
DA:484,0
DA:490,0
DA:494,0
DA:504,0
DA:505,0
DA:506,0
DA:508,0
DA:518,0
DA:529,0
DA:533,0
DA:537,0
DA:541,0
DA:549,0
DA:550,0
DA:552,0
DA:553,0
DA:555,0
DA:559,1
LF:129
LH:10
BRDA:96,0,0,0
BRDA:96,0,1,0
BRDA:96,0,2,0
BRDA:96,0,3,0
BRDA:121,1,0,0
BRDA:121,1,1,0
BRDA:218,2,0,0
BRDA:218,3,0,0
BRDA:218,3,1,0
BRDA:231,4,0,0
BRDA:231,5,0,0
BRDA:231,5,1,0
BRDA:241,6,0,0
BRDA:241,7,0,0
BRDA:241,7,1,0
BRDA:241,7,2,0
BRDA:254,8,0,0
BRDA:264,9,0,0
BRDA:274,10,0,0
BRDA:274,11,0,0
BRDA:274,11,1,0
BRDA:274,11,2,0
BRDA:294,12,0,0
BRDA:298,13,0,0
BRDA:298,13,1,0
BRDA:305,14,0,0
BRDA:309,15,0,0
BRDA:309,15,1,0
BRDA:315,16,0,0
BRDA:319,17,0,0
BRDA:319,17,1,0
BRDA:333,18,0,0
BRDA:333,19,0,0
BRDA:333,19,1,0
BRDA:333,19,2,0
BRDA:345,20,0,0
BRDA:345,21,0,0
BRDA:345,21,1,0
BRDA:345,21,2,0
BRDA:372,22,0,0
BRDA:372,22,1,0
BRDA:378,23,0,0
BRDA:383,24,0,0
BRDA:383,24,1,0
BRDA:399,25,0,0
BRDA:403,26,0,0
BRDA:403,27,0,0
BRDA:403,27,1,0
BRDA:403,27,2,0
BRDA:403,27,3,0
BRDA:403,27,4,0
BRDA:403,27,5,0
BRDA:413,28,0,0
BRDA:438,29,0,0
BRDA:438,30,0,0
BRDA:438,30,1,0
BRDA:438,30,2,0
BRDA:438,30,3,0
BRDA:438,30,4,0
BRDA:438,30,5,0
BRDA:447,31,0,0
BRDA:468,32,0,0
BRDA:474,33,0,0
BRDA:520,34,0,0
BRDA:520,34,1,0
BRDA:521,35,0,0
BRDA:521,35,1,0
BRDA:522,36,0,0
BRDA:522,36,1,0
BRDA:523,37,0,0
BRDA:523,37,1,0
BRDA:529,38,0,0
BRDA:529,38,1,0
BRDA:533,39,0,0
BRDA:533,39,1,0
BRDA:537,40,0,0
BRDA:537,40,1,0
BRDA:549,41,0,0
BRDA:552,42,0,0
BRF:79
BRH:0
end_of_record
TN:
SF:src\utils\cache.ts
FN:22,(anonymous_0)
FN:40,(anonymous_1)
FN:61,(anonymous_2)
FN:85,(anonymous_3)
FN:92,(anonymous_4)
FN:98,(anonymous_5)
FN:115,(anonymous_6)
FN:119,(anonymous_7)
FN:123,(anonymous_8)
FN:146,(anonymous_9)
FN:165,(anonymous_10)
FN:166,(anonymous_11)
FN:171,(anonymous_12)
FN:191,(anonymous_13)
FN:202,(anonymous_14)
FN:211,(anonymous_15)
FN:226,(anonymous_16)
FN:236,(anonymous_17)
FN:251,(anonymous_18)
FN:262,(anonymous_19)
FN:283,(anonymous_20)
FN:293,(anonymous_21)
FN:299,(anonymous_22)
FN:300,(anonymous_23)
FN:308,(anonymous_24)
FN:313,(anonymous_25)
FN:322,(anonymous_26)
FNF:27
FNH:0
FNDA:0,(anonymous_0)
FNDA:0,(anonymous_1)
FNDA:0,(anonymous_2)
FNDA:0,(anonymous_3)
FNDA:0,(anonymous_4)
FNDA:0,(anonymous_5)
FNDA:0,(anonymous_6)
FNDA:0,(anonymous_7)
FNDA:0,(anonymous_8)
FNDA:0,(anonymous_9)
FNDA:0,(anonymous_10)
FNDA:0,(anonymous_11)
FNDA:0,(anonymous_12)
FNDA:0,(anonymous_13)
FNDA:0,(anonymous_14)
FNDA:0,(anonymous_15)
FNDA:0,(anonymous_16)
FNDA:0,(anonymous_17)
FNDA:0,(anonymous_18)
FNDA:0,(anonymous_19)
FNDA:0,(anonymous_20)
FNDA:0,(anonymous_21)
FNDA:0,(anonymous_22)
FNDA:0,(anonymous_23)
FNDA:0,(anonymous_24)
FNDA:0,(anonymous_25)
FNDA:0,(anonymous_26)
DA:6,0
DA:15,0
DA:16,0
DA:20,0
DA:30,0
DA:31,0
DA:32,0
DA:35,0
DA:36,0
DA:41,0
DA:43,0
DA:44,0
DA:48,0
DA:49,0
DA:50,0
DA:51,0
DA:55,0
DA:56,0
DA:58,0
DA:62,0
DA:63,0
DA:66,0
DA:67,0
DA:70,0
DA:77,0
DA:78,0
DA:86,0
DA:87,0
DA:88,0
DA:93,0
DA:94,0
DA:95,0
DA:99,0
DA:101,0
DA:102,0
DA:106,0
DA:107,0
DA:108,0
DA:111,0
DA:116,0
DA:120,0
DA:129,0
DA:130,0
DA:132,0
DA:133,0
DA:135,0
DA:138,0
DA:147,0
DA:149,0
DA:150,0
DA:152,0
DA:153,0
DA:154,0
DA:155,0
DA:159,0
DA:160,0
DA:161,0
DA:166,0
DA:167,0
DA:172,0
DA:173,0
DA:175,0
DA:176,0
DA:177,0
DA:178,0
DA:182,0
DA:183,0
DA:192,0
DA:193,0
DA:194,0
DA:196,0
DA:201,0
DA:208,0
DA:216,0
DA:221,0
DA:231,0
DA:232,0
DA:233,0
DA:237,0
DA:238,0
DA:239,0
DA:241,0
DA:242,0
DA:243,0
DA:246,0
DA:247,0
DA:250,0
DA:251,0
DA:252,0
DA:255,0
DA:257,0
DA:258,0
DA:263,0
DA:264,0
DA:265,0
DA:266,0
DA:269,0
DA:271,0
DA:277,0
DA:279,0
DA:284,0
DA:285,0
DA:286,0
DA:287,0
DA:294,0
DA:295,0
DA:296,0
DA:298,0
DA:300,0
DA:304,0
DA:309,0
DA:310,0
DA:314,0
DA:315,0
DA:318,0
DA:319,0
DA:323,0
DA:324,0
DA:325,0
DA:326,0
DA:328,0
LF:121
LH:0
BRDA:23,0,0,0
BRDA:30,1,0,0
BRDA:30,1,1,0
BRDA:31,2,0,0
BRDA:31,2,1,0
BRDA:32,3,0,0
BRDA:32,3,1,0
BRDA:35,4,0,0
BRDA:36,5,0,0
BRDA:36,5,1,0
BRDA:43,6,0,0
BRDA:48,7,0,0
BRDA:63,8,0,0
BRDA:63,8,1,0
BRDA:66,9,0,0
BRDA:66,10,0,0
BRDA:66,10,1,0
BRDA:87,11,0,0
BRDA:101,12,0,0
BRDA:106,13,0,0
BRDA:141,14,0,0
BRDA:141,14,1,0
BRDA:147,15,0,0
BRDA:153,16,0,0
BRDA:159,17,0,0
BRDA:176,18,0,0
BRDA:182,19,0,0
BRDA:192,20,0,0
BRDA:232,21,0,0
BRDA:232,21,1,0
BRDA:233,22,0,0
BRDA:233,22,1,0
BRDA:242,23,0,0
BRDA:250,24,0,0
BRDA:266,25,0,0
BRDA:266,25,1,0
BRF:36
BRH:0
end_of_record
TN:
SF:src\utils\cli-logger.ts
FN:20,(anonymous_1)
FN:28,(anonymous_2)
FN:33,(anonymous_3)
FN:38,(anonymous_4)
FN:43,(anonymous_5)
FN:51,(anonymous_6)
FN:55,(anonymous_7)
FN:60,(anonymous_8)
FN:64,(anonymous_9)
FN:69,(anonymous_10)
FN:96,(anonymous_11)
FN:105,(anonymous_12)
FN:124,(anonymous_13)
FN:134,(anonymous_14)
FN:152,(anonymous_15)
FN:161,(anonymous_16)
FN:180,(anonymous_17)
FN:184,(anonymous_18)
FN:190,(anonymous_19)
FN:196,(anonymous_20)
FN:209,(anonymous_21)
FN:221,(anonymous_22)
FN:233,(anonymous_23)
FN:249,(anonymous_24)
FN:253,(anonymous_25)
FN:257,(anonymous_26)
FN:261,(anonymous_27)
FN:265,(anonymous_28)
FN:270,(anonymous_29)
FN:275,(anonymous_30)
FNF:30
FNH:0
FNDA:0,(anonymous_1)
FNDA:0,(anonymous_2)
FNDA:0,(anonymous_3)
FNDA:0,(anonymous_4)
FNDA:0,(anonymous_5)
FNDA:0,(anonymous_6)
FNDA:0,(anonymous_7)
FNDA:0,(anonymous_8)
FNDA:0,(anonymous_9)
FNDA:0,(anonymous_10)
FNDA:0,(anonymous_11)
FNDA:0,(anonymous_12)
FNDA:0,(anonymous_13)
FNDA:0,(anonymous_14)
FNDA:0,(anonymous_15)
FNDA:0,(anonymous_16)
FNDA:0,(anonymous_17)
FNDA:0,(anonymous_18)
FNDA:0,(anonymous_19)
FNDA:0,(anonymous_20)
FNDA:0,(anonymous_21)
FNDA:0,(anonymous_22)
FNDA:0,(anonymous_23)
FNDA:0,(anonymous_24)
FNDA:0,(anonymous_25)
FNDA:0,(anonymous_26)
FNDA:0,(anonymous_27)
FNDA:0,(anonymous_28)
FNDA:0,(anonymous_29)
FNDA:0,(anonymous_30)
DA:6,0
DA:17,0
DA:21,0
DA:22,0
DA:24,0
DA:29,0
DA:30,0
DA:34,0
DA:35,0
DA:39,0
DA:40,0
DA:44,0
DA:45,0
DA:46,0
DA:52,0
DA:56,0
DA:57,0
DA:61,0
DA:65,0
DA:66,0
DA:75,0
DA:77,0
DA:79,0
DA:80,0
DA:83,0
DA:84,0
DA:87,0
DA:88,0
DA:91,0
DA:92,0
DA:97,0
DA:101,0
DA:102,0
DA:112,0
DA:114,0
DA:115,0
DA:116,0
DA:117,0
DA:119,0
DA:120,0
DA:132,0
DA:134,0
DA:135,0
DA:136,0
DA:137,0
DA:138,0
DA:140,0
DA:141,0
DA:143,0
DA:144,0
DA:147,0
DA:159,0
DA:161,0
DA:162,0
DA:163,0
DA:164,0
DA:166,0
DA:168,0
DA:169,0
DA:170,0
DA:171,0
DA:173,0
DA:174,0
DA:181,0
DA:183,0
DA:184,0
DA:185,0
DA:191,0
DA:192,0
DA:197,0
DA:204,0
DA:205,0
DA:210,0
DA:211,0
DA:213,0
DA:215,0
DA:216,0
DA:222,0
DA:224,0
DA:226,0
DA:227,0
DA:229,0
DA:234,0
DA:236,0
DA:238,0
DA:240,0
DA:242,0
DA:244,0
DA:250,0
DA:254,0
DA:258,0
DA:262,0
DA:266,0
DA:271,0
DA:272,0
DA:280,0
DA:282,0
DA:283,0
DA:284,0
DA:286,0
DA:287,0
DA:289,0
DA:294,0
LF:103
LH:0
BRDA:21,0,0,0
BRDA:45,1,0,0
BRDA:56,2,0,0
BRDA:56,2,1,0
BRDA:65,3,0,0
BRDA:65,3,1,0
BRDA:79,4,0,0
BRDA:83,5,0,0
BRDA:87,6,0,0
BRDA:91,7,0,0
BRDA:91,8,0,0
BRDA:91,8,1,0
BRDA:97,9,0,0
BRDA:97,9,1,0
BRDA:119,10,0,0
BRDA:119,11,0,0
BRDA:119,11,1,0
BRDA:137,12,0,0
BRDA:137,12,1,0
BRDA:143,13,0,0
BRDA:144,14,0,0
BRDA:144,14,1,0
BRDA:163,15,0,0
BRDA:163,15,1,0
BRDA:164,16,0,0
BRDA:164,16,1,0
BRDA:168,17,0,0
BRDA:168,18,0,0
BRDA:168,18,1,0
BRDA:169,19,0,0
BRDA:169,19,1,0
BRDA:170,20,0,0
BRDA:170,20,1,0
BRDA:173,21,0,0
BRDA:181,22,0,0
BRDA:196,23,0,0
BRDA:215,24,0,0
BRDA:222,25,0,0
BRDA:224,26,0,0
BRDA:226,27,0,0
BRDA:226,27,1,0
BRDA:234,28,0,0
BRDA:234,28,1,0
BRDA:234,28,2,0
BRDA:234,28,3,0
BRDA:234,28,4,0
BRDA:282,29,0,0
BRDA:282,29,1,0
BRDA:282,30,0,0
BRDA:282,30,1,0
BRDA:283,31,0,0
BRDA:283,31,1,0
BRDA:283,32,0,0
BRDA:283,32,1,0
BRDA:284,33,0,0
BRDA:284,33,1,0
BRDA:284,34,0,0
BRDA:284,34,1,0
BRDA:286,35,0,0
BRDA:286,35,1,0
BRDA:286,36,0,0
BRDA:286,36,1,0
BRDA:286,36,2,0
BRF:63
BRH:0
end_of_record
TN:
SF:src\utils\colored-logger.ts
FN:16,(anonymous_1)
FN:23,(anonymous_2)
FN:27,(anonymous_3)
FN:44,(anonymous_4)
FN:56,(anonymous_5)
FN:79,(anonymous_6)
FN:102,(anonymous_7)
FN:110,(anonymous_8)
FN:114,(anonymous_9)
FN:118,(anonymous_10)
FN:122,(anonymous_11)
FN:126,(anonymous_12)
FN:133,(anonymous_13)
FN:138,(anonymous_14)
FN:145,(anonymous_15)
FN:150,(anonymous_16)
FN:155,(anonymous_17)
FN:169,(anonymous_18)
FN:183,(anonymous_19)
FN:193,(anonymous_20)
FN:197,(anonymous_21)
FN:198,(anonymous_22)
FN:202,(anonymous_23)
FN:203,(anonymous_24)
FN:207,(anonymous_25)
FN:212,(anonymous_26)
FN:213,(anonymous_27)
FN:214,(anonymous_28)
FN:224,(anonymous_29)
FN:225,(anonymous_30)
FN:230,(anonymous_31)
FN:231,(anonymous_32)
FN:236,(anonymous_33)
FN:239,(anonymous_34)
FN:247,(anonymous_35)
FN:255,(anonymous_36)
FNF:36
FNH:0
FNDA:0,(anonymous_1)
FNDA:0,(anonymous_2)
FNDA:0,(anonymous_3)
FNDA:0,(anonymous_4)
FNDA:0,(anonymous_5)
FNDA:0,(anonymous_6)
FNDA:0,(anonymous_7)
FNDA:0,(anonymous_8)
FNDA:0,(anonymous_9)
FNDA:0,(anonymous_10)
FNDA:0,(anonymous_11)
FNDA:0,(anonymous_12)
FNDA:0,(anonymous_13)
FNDA:0,(anonymous_14)
FNDA:0,(anonymous_15)
FNDA:0,(anonymous_16)
FNDA:0,(anonymous_17)
FNDA:0,(anonymous_18)
FNDA:0,(anonymous_19)
FNDA:0,(anonymous_20)
FNDA:0,(anonymous_21)
FNDA:0,(anonymous_22)
FNDA:0,(anonymous_23)
FNDA:0,(anonymous_24)
FNDA:0,(anonymous_25)
FNDA:0,(anonymous_26)
FNDA:0,(anonymous_27)
FNDA:0,(anonymous_28)
FNDA:0,(anonymous_29)
FNDA:0,(anonymous_30)
FNDA:0,(anonymous_31)
FNDA:0,(anonymous_32)
FNDA:0,(anonymous_33)
FNDA:0,(anonymous_34)
FNDA:0,(anonymous_35)
FNDA:0,(anonymous_36)
DA:1,0
DA:11,0
DA:13,0
DA:14,0
DA:17,0
DA:18,0
DA:20,0
DA:24,0
DA:28,0
DA:36,0
DA:37,0
DA:38,0
DA:41,0
DA:45,0
DA:46,0
DA:47,0
DA:49,0
DA:51,0
DA:52,0
DA:57,0
DA:59,0
DA:61,0
DA:63,0
DA:65,0
DA:67,0
DA:69,0
DA:71,0
DA:73,0
DA:75,0
DA:80,0
DA:82,0
DA:84,0
DA:86,0
DA:88,0
DA:90,0
DA:92,0
DA:94,0
DA:96,0
DA:98,0
DA:103,0
DA:104,0
DA:106,0
DA:111,0
DA:115,0
DA:119,0
DA:123,0
DA:127,0
DA:128,0
DA:134,0
DA:135,0
DA:139,0
DA:140,0
DA:141,0
DA:142,0
DA:146,0
DA:147,0
DA:151,0
DA:152,0
DA:156,0
DA:157,0
DA:166,0
DA:170,0
DA:171,0
DA:184,0
DA:185,0
DA:186,0
DA:187,0
DA:188,0
DA:189,0
DA:194,0
DA:198,0
DA:199,0
DA:203,0
DA:204,0
DA:208,0
DA:209,0
DA:213,0
DA:214,0
DA:216,0
DA:217,0
DA:218,0
DA:220,0
DA:221,0
DA:223,0
DA:224,0
DA:225,0
DA:226,0
DA:229,0
DA:230,0
DA:231,0
DA:232,0
DA:233,0
DA:236,0
DA:237,0
DA:238,0
DA:239,0
DA:240,0
DA:244,0
DA:245,0
DA:246,0
DA:247,0
DA:248,0
DA:252,0
DA:256,0
DA:257,0
DA:258,0
DA:259,0
DA:260,0
DA:261,0
DA:262,0
DA:263,0
DA:264,0
DA:270,0
DA:271,0
LF:114
LH:0
BRDA:17,0,0,0
BRDA:37,1,0,0
BRDA:51,2,0,0
BRDA:57,3,0,0
BRDA:57,3,1,0
BRDA:57,3,2,0
BRDA:57,3,3,0
BRDA:57,3,4,0
BRDA:57,3,5,0
BRDA:57,3,6,0
BRDA:57,3,7,0
BRDA:57,3,8,0
BRDA:80,4,0,0
BRDA:80,4,1,0
BRDA:80,4,2,0
BRDA:80,4,3,0
BRDA:80,4,4,0
BRDA:80,4,5,0
BRDA:80,4,6,0
BRDA:80,4,7,0
BRDA:80,4,8,0
BRDA:103,5,0,0
BRDA:127,6,0,0
BRDA:127,7,0,0
BRDA:127,7,1,0
BRDA:139,8,0,0
BRDA:139,8,1,0
BRDA:141,9,0,0
BRDA:141,9,1,0
BRDA:141,10,0,0
BRDA:141,10,1,0
BRDA:194,11,0,0
BRDA:194,11,1,0
BRDA:199,12,0,0
BRDA:199,12,1,0
BRDA:204,13,0,0
BRDA:204,13,1,0
BRDA:237,14,0,0
BRDA:245,15,0,0
BRDA:256,16,0,0
BRDA:256,16,1,0
BRDA:256,16,2,0
BRDA:256,16,3,0
BRDA:256,16,4,0
BRDA:256,16,5,0
BRDA:256,16,6,0
BRDA:256,16,7,0
BRF:47
BRH:0
end_of_record
TN:
SF:src\utils\config.ts
FN:63,(anonymous_0)
FN:68,(anonymous_1)
FN:83,(anonymous_2)
FN:104,(anonymous_3)
FN:133,(anonymous_4)
FN:151,(anonymous_5)
FN:155,(anonymous_6)
FN:190,(anonymous_7)
FN:231,(anonymous_8)
FN:279,(anonymous_9)
FNF:10
FNH:0
FNDA:0,(anonymous_0)
FNDA:0,(anonymous_1)
FNDA:0,(anonymous_2)
FNDA:0,(anonymous_3)
FNDA:0,(anonymous_4)
FNDA:0,(anonymous_5)
FNDA:0,(anonymous_6)
FNDA:0,(anonymous_7)
FNDA:0,(anonymous_8)
FNDA:0,(anonymous_9)
DA:6,0
DA:7,0
DA:8,0
DA:58,0
DA:59,0
DA:64,0
DA:65,0
DA:69,0
DA:70,0
DA:72,0
DA:73,0
DA:74,0
DA:76,0
DA:80,0
DA:84,0
DA:85,0
DA:87,0
DA:88,0
DA:89,0
DA:91,0
DA:92,0
DA:94,0
DA:97,0
DA:98,0
DA:99,0
DA:100,0
DA:105,0
DA:106,0
DA:109,0
DA:110,0
DA:111,0
DA:114,0
DA:115,0
DA:116,0
DA:119,0
DA:121,0
DA:123,0
DA:124,0
DA:125,0
DA:127,0
DA:128,0
DA:134,0
DA:136,0
DA:137,0
DA:140,0
DA:141,0
DA:142,0
DA:143,0
DA:144,0
DA:146,0
DA:147,0
DA:152,0
DA:156,0
DA:170,0
DA:171,0
DA:172,0
DA:174,0
DA:176,0
DA:177,0
DA:178,0
DA:179,0
DA:180,0
DA:181,0
DA:184,0
DA:185,0
DA:191,0
DA:194,0
DA:202,0
DA:203,0
DA:204,0
DA:205,0
DA:210,0
DA:211,0
DA:212,0
DA:215,0
DA:216,0
DA:217,0
DA:220,0
DA:221,0
DA:222,0
DA:225,0
DA:232,0
DA:276,0
DA:280,0
DA:282,0
DA:283,0
DA:284,0
DA:292,0
DA:294,0
DA:299,0
DA:304,0
LF:91
LH:0
BRDA:64,0,0,0
BRDA:64,0,1,0
BRDA:73,1,0,0
BRDA:73,1,1,0
BRDA:73,2,0,0
BRDA:73,2,1,0
BRDA:73,2,2,0
BRDA:89,3,0,0
BRDA:91,4,0,0
BRDA:91,5,0,0
BRDA:91,5,1,0
BRDA:98,6,0,0
BRDA:105,7,0,0
BRDA:109,8,0,0
BRDA:123,9,0,0
BRDA:123,9,1,0
BRDA:134,10,0,0
BRDA:134,10,1,0
BRDA:136,11,0,0
BRDA:172,12,0,0
BRDA:176,13,0,0
BRDA:176,13,1,0
BRDA:178,14,0,0
BRDA:178,14,1,0
BRDA:180,15,0,0
BRDA:204,16,0,0
BRDA:204,17,0,0
BRDA:204,17,1,0
BRDA:211,18,0,0
BRDA:211,19,0,0
BRDA:211,19,1,0
BRDA:216,20,0,0
BRDA:216,21,0,0
BRDA:216,21,1,0
BRDA:216,21,2,0
BRDA:221,22,0,0
BRDA:221,23,0,0
BRDA:221,23,1,0
BRDA:221,23,2,0
BRDA:259,24,0,0
BRDA:259,24,1,0
BRDA:283,25,0,0
BRDA:284,26,0,0
BRDA:284,26,1,0
BRDA:285,27,0,0
BRDA:285,27,1,0
BRDA:285,27,2,0
BRDA:285,27,3,0
BRDA:285,27,4,0
BRDA:285,27,5,0
BRF:50
BRH:0
end_of_record
TN:
SF:src\utils\file-system.ts
FN:13,(anonymous_0)
FN:17,(anonymous_1)
FN:30,(anonymous_2)
FN:74,(anonymous_3)
FN:98,(anonymous_4)
FN:108,(anonymous_5)
FN:118,(anonymous_6)
FN:128,(anonymous_7)
FN:138,(anonymous_8)
FN:153,(anonymous_9)
FN:158,(anonymous_10)
FN:167,(anonymous_11)
FN:176,(anonymous_12)
FN:180,(anonymous_13)
FN:185,(anonymous_14)
FN:191,(anonymous_15)
FN:195,(anonymous_16)
FN:200,(anonymous_17)
FN:215,(anonymous_18)
FN:221,(anonymous_19)
FNF:20
FNH:0
FNDA:0,(anonymous_0)
FNDA:0,(anonymous_1)
FNDA:0,(anonymous_2)
FNDA:0,(anonymous_3)
FNDA:0,(anonymous_4)
FNDA:0,(anonymous_5)
FNDA:0,(anonymous_6)
FNDA:0,(anonymous_7)
FNDA:0,(anonymous_8)
FNDA:0,(anonymous_9)
FNDA:0,(anonymous_10)
FNDA:0,(anonymous_11)
FNDA:0,(anonymous_12)
FNDA:0,(anonymous_13)
FNDA:0,(anonymous_14)
FNDA:0,(anonymous_15)
FNDA:0,(anonymous_16)
FNDA:0,(anonymous_17)
FNDA:0,(anonymous_18)
FNDA:0,(anonymous_19)
DA:5,0
DA:6,0
DA:8,0
DA:10,0
DA:14,0
DA:18,0
DA:19,0
DA:21,0
DA:22,0
DA:23,0
DA:25,0
DA:26,0
DA:37,0
DA:38,0
DA:40,0
DA:41,0
DA:44,0
DA:45,0
DA:47,0
DA:48,0
DA:50,0
DA:52,0
DA:53,0
DA:55,0
DA:56,0
DA:58,0
DA:59,0
DA:60,0
DA:61,0
DA:64,0
DA:68,0
DA:69,0
DA:75,0
DA:95,0
DA:99,0
DA:100,0
DA:101,0
DA:103,0
DA:104,0
DA:109,0
DA:110,0
DA:111,0
DA:113,0
DA:114,0
DA:119,0
DA:120,0
DA:121,0
DA:122,0
DA:124,0
DA:129,0
DA:130,0
DA:131,0
DA:133,0
DA:134,0
DA:139,0
DA:140,0
DA:143,0
DA:144,0
DA:146,0
DA:148,0
DA:149,0
DA:154,0
DA:155,0
DA:159,0
DA:160,0
DA:161,0
DA:163,0
DA:168,0
DA:169,0
DA:170,0
DA:172,0
DA:177,0
DA:181,0
DA:182,0
DA:186,0
DA:187,0
DA:188,0
DA:192,0
DA:196,0
DA:201,0
DA:210,0
DA:211,0
DA:216,0
DA:217,0
DA:222,0
DA:223,0
DA:224,0
LF:87
LH:0
BRDA:14,0,0,0
BRDA:14,0,1,0
BRDA:50,1,0,0
BRDA:50,1,1,0
BRDA:52,2,0,0
BRDA:56,3,0,0
BRDA:58,4,0,0
BRDA:58,4,1,0
BRDA:58,5,0,0
BRDA:58,5,1,0
BRDA:60,6,0,0
BRDA:60,7,0,0
BRDA:60,7,1,0
BRDA:95,8,0,0
BRDA:95,8,1,0
BRDA:182,9,0,0
BRDA:182,9,1,0
BRDA:188,10,0,0
BRDA:188,10,1,0
BRF:19
BRH:0
end_of_record
TN:
SF:src\utils\hash.ts
FN:12,(anonymous_0)
FN:19,(anonymous_1)
FN:26,(anonymous_2)
FN:33,(anonymous_3)
FN:45,(anonymous_4)
FN:61,(anonymous_5)
FN:68,(anonymous_6)
FN:84,(anonymous_7)
FN:92,(anonymous_8)
FN:101,(anonymous_9)
FN:116,(anonymous_10)
FN:129,(anonymous_11)
FN:149,(anonymous_12)
FN:150,(anonymous_13)
FN:160,(anonymous_14)
FN:168,(anonymous_15)
FN:177,(anonymous_16)
FNF:17
FNH:0
FNDA:0,(anonymous_0)
FNDA:0,(anonymous_1)
FNDA:0,(anonymous_2)
FNDA:0,(anonymous_3)
FNDA:0,(anonymous_4)
FNDA:0,(anonymous_5)
FNDA:0,(anonymous_6)
FNDA:0,(anonymous_7)
FNDA:0,(anonymous_8)
FNDA:0,(anonymous_9)
FNDA:0,(anonymous_10)
FNDA:0,(anonymous_11)
FNDA:0,(anonymous_12)
FNDA:0,(anonymous_13)
FNDA:0,(anonymous_14)
FNDA:0,(anonymous_15)
FNDA:0,(anonymous_16)
DA:5,0
DA:6,0
DA:8,0
DA:13,0
DA:20,0
DA:27,0
DA:34,0
DA:35,0
DA:36,0
DA:38,0
DA:46,0
DA:48,0
DA:50,0
DA:52,0
DA:54,0
DA:62,0
DA:69,0
DA:70,0
DA:73,0
DA:74,0
DA:75,0
DA:78,0
DA:85,0
DA:86,0
DA:93,0
DA:94,0
DA:103,0
DA:110,0
DA:117,0
DA:123,0
DA:130,0
DA:136,0
DA:138,0
DA:139,0
DA:143,0
DA:150,0
DA:151,0
DA:152,0
DA:153,0
DA:161,0
DA:162,0
DA:169,0
DA:170,0
DA:178,0
DA:179,0
DA:181,0
DA:186,0
DA:187,0
DA:188,0
DA:189,0
DA:190,0
DA:191,0
DA:192,0
LF:53
LH:0
BRDA:33,0,0,0
BRDA:38,1,0,0
BRDA:38,1,1,0
BRDA:45,2,0,0
BRDA:46,3,0,0
BRDA:46,3,1,0
BRDA:46,3,2,0
BRDA:46,3,3,0
BRDA:61,4,0,0
BRDA:69,5,0,0
BRDA:84,6,0,0
BRDA:92,7,0,0
BRDA:129,8,0,0
BRDA:138,9,0,0
BRDA:152,10,0,0
BRDA:152,10,1,0
BRDA:160,11,0,0
BRDA:168,12,0,0
BRDA:179,13,0,0
BRDA:179,13,1,0
BRF:20
BRH:0
end_of_record
TN:
SF:src\utils\logger.ts
FN:7,(anonymous_0)
FN:19,(anonymous_1)
FN:24,(anonymous_2)
FN:31,(anonymous_3)
FN:48,(anonymous_4)
FN:54,(anonymous_5)
FN:60,(anonymous_6)
FN:66,(anonymous_7)
FN:78,(anonymous_8)
FN:83,(anonymous_9)
FNF:10
FNH:6
FNDA:3,(anonymous_0)
FNDA:9,(anonymous_1)
FNDA:59,(anonymous_2)
FNDA:0,(anonymous_3)
FNDA:12,(anonymous_4)
FNDA:63,(anonymous_5)
FNDA:0,(anonymous_6)
FNDA:0,(anonymous_7)
FNDA:0,(anonymous_8)
FNDA:63,(anonymous_9)
DA:7,3
DA:8,3
DA:9,3
DA:10,3
DA:11,3
DA:14,3
DA:20,9
DA:21,9
DA:25,59
DA:26,3
DA:28,59
DA:32,0
DA:34,0
DA:35,0
DA:37,0
DA:38,0
DA:40,0
DA:41,0
DA:43,0
DA:44,0
DA:49,12
DA:50,0
DA:55,63
DA:56,63
DA:61,0
DA:62,0
DA:67,0
DA:68,0
DA:74,0
DA:79,0
DA:80,0
DA:84,63
DA:85,63
DA:86,63
DA:88,63
DA:93,3
LF:36
LH:19
BRDA:7,0,0,3
BRDA:7,0,1,3
BRDA:19,1,0,3
BRDA:25,2,0,3
BRDA:32,3,0,0
BRDA:32,3,1,0
BRDA:32,3,2,0
BRDA:32,3,3,0
BRDA:49,4,0,0
BRDA:55,5,0,63
BRDA:61,6,0,0
BRDA:67,7,0,0
BRDA:68,8,0,0
BRDA:68,8,1,0
BRDA:79,9,0,0
BRDA:79,9,1,0
BRDA:85,10,0,0
BRDA:85,10,1,63
BRDA:86,11,0,0
BRDA:86,11,1,63
BRDA:94,12,0,0
BRDA:94,12,1,3
BRF:22
BRH:8
end_of_record
